{"logTime": "1202/151058", "correlationVector":"wWxXpAD3pzFti23vh8tysU.40","action":"GetUpdates", "result":"DeleteReceived", "context":{"id":"b16ec201-fdf8-4d04-adb4-cadf5ec693c1", "isDeleted:":"true", "version":"1701020023736"}}
{"logTime": "1202/151058", "correlationVector":"wWxXpAD3pzFti23vh8tysU.41","action":"GetUpdates", "result":"DeleteReceived", "context":{"id":"e71ac91e-ecae-4f5e-a8ca-966a7ac23ffd", "isDeleted:":"true", "version":"1701020023737"}}
{"logTime": "1202/151058", "correlationVector":"wWxXpAD3pzFti23vh8tysU.42","action":"GetUpdates", "result":"DeleteReceived", "context":{"id":"b1740412-33fd-4d01-8980-a9b4a1bf89ef", "isDeleted:":"true", "version":"1701020058991"}}
{"logTime": "1202/151058", "correlationVector":"wWxXpAD3pzFti23vh8tysU.43","action":"GetUpdates", "result":"DeleteReceived", "context":{"id":"f278c909-d97b-414a-80c8-9f81149e2838", "isDeleted:":"true", "version":"1701020058994"}}
{"logTime": "1202/151058", "correlationVector":"wWxXpAD3pzFti23vh8tysU.44","action":"GetUpdates", "result":"DeleteReceived", "context":{"id":"cf488cb9-3ea4-4185-959d-78776e5829eb", "isDeleted:":"true", "version":"1701020090586"}}
{"logTime": "1202/151058", "correlationVector":"wWxXpAD3pzFti23vh8tysU.45","action":"GetUpdates", "result":"DeleteReceived", "context":{"id":"473814b4-17a4-4d08-8274-65624d12ed89", "isDeleted:":"true", "version":"1701020090589"}}
{"logTime": "1202/151058", "correlationVector":"wWxXpAD3pzFti23vh8tysU.46","action":"GetUpdates", "result":"DeleteReceived", "context":{"id":"e25a21fe-7038-4e5c-b7c3-c4fb3a1a1673", "isDeleted:":"true", "version":"1701020143877"}}
{"logTime": "1202/151058", "correlationVector":"wWxXpAD3pzFti23vh8tysU.47","action":"GetUpdates", "result":"DeleteReceived", "context":{"id":"d4ef4598-fbb0-4417-b32e-504e346aaf18", "isDeleted:":"true", "version":"1701020777523"}}
{"logTime": "1202/151058", "correlationVector":"wWxXpAD3pzFti23vh8tysU.48","action":"GetUpdates", "result":"DeleteReceived", "context":{"id":"0a382c12-ca0a-4fa5-a568-5547412b0fe1", "isDeleted:":"true", "version":"1701021050166"}}
{"logTime": "1202/151058", "correlationVector":"wWxXpAD3pzFti23vh8tysU.49","action":"GetUpdates", "result":"DeleteReceived", "context":{"id":"e56023c5-0921-4a60-af4d-80707b0961df", "isDeleted:":"true", "version":"1701022396923"}}
{"logTime": "1202/151058", "correlationVector":"wWxXpAD3pzFti23vh8tysU.50","action":"GetUpdates", "result":"DeleteReceived", "context":{"id":"e289dbaf-d1fd-43aa-8860-b9dd1c4c72f5", "isDeleted:":"true", "version":"1701023362743"}}
{"logTime": "1202/151058", "correlationVector":"wWxXpAD3pzFti23vh8tysU.51","action":"GetUpdates", "result":"DeleteReceived", "context":{"id":"965a5bdb-e68a-43e0-bf0b-32295763df94", "isDeleted:":"true", "version":"1701023379570"}}
{"logTime": "1202/151058", "correlationVector":"wWxXpAD3pzFti23vh8tysU.52","action":"GetUpdates", "result":"DeleteReceived", "context":{"id":"f78b7425-b78f-4e80-88db-20331bc178ef", "isDeleted:":"true", "version":"1701026881521"}}
{"logTime": "1202/151058", "correlationVector":"wWxXpAD3pzFti23vh8tysU.53","action":"GetUpdates", "result":"DeleteReceived", "context":{"id":"77c589e1-cb84-40dd-b10b-fc6b74fa6e0c", "isDeleted:":"true", "version":"1701027454903"}}
{"logTime": "1202/151058", "correlationVector":"wWxXpAD3pzFti23vh8tysU.54","action":"GetUpdates", "result":"DeleteReceived", "context":{"id":"e0cdfcde-1f7c-4f2d-900e-07a80a267be4", "isDeleted:":"true", "version":"1701032755991"}}
{"logTime": "1202/151058", "correlationVector":"wWxXpAD3pzFti23vh8tysU.55","action":"GetUpdates", "result":"DeleteReceived", "context":{"id":"8847ab7d-13f4-499f-b46e-869fbcdb64c7", "isDeleted:":"true", "version":"1701033710144"}}
{"logTime": "1202/151058", "correlationVector":"wWxXpAD3pzFti23vh8tysU.56","action":"GetUpdates", "result":"DeleteReceived", "context":{"id":"7585e5b7-9300-4727-a5ed-f51959d3451f", "isDeleted:":"true", "version":"1701042459813"}}
{"logTime": "1202/151058", "correlationVector":"wWxXpAD3pzFti23vh8tysU.57","action":"GetUpdates", "result":"DeleteReceived", "context":{"id":"731cc2d4-5d91-44d2-964a-201d22dbeecb", "isDeleted:":"true", "version":"1701042769684"}}
{"logTime": "1202/151058", "correlationVector":"wWxXpAD3pzFti23vh8tysU.58","action":"GetUpdates", "result":"DeleteReceived", "context":{"id":"818e4f91-85bc-4f47-acb9-84e425b1c94c", "isDeleted:":"true", "version":"1701042863238"}}
{"logTime": "1202/151058", "correlationVector":"wWxXpAD3pzFti23vh8tysU.59","action":"GetUpdates", "result":"DeleteReceived", "context":{"id":"b404067d-6118-4ed7-81fb-97a62d0ddc80", "isDeleted:":"true", "version":"1701042947842"}}
{"logTime": "1202/151058", "correlationVector":"wWxXpAD3pzFti23vh8tysU.60","action":"GetUpdates", "result":"DeleteReceived", "context":{"id":"31ec09de-0c51-45ab-a2d7-f31fa2325ed5", "isDeleted:":"true", "version":"1701043401713"}}
{"logTime": "1202/151058", "correlationVector":"wWxXpAD3pzFti23vh8tysU.61","action":"GetUpdates", "result":"DeleteReceived", "context":{"id":"25cb625f-cec2-4492-a1c6-ba893e4f2413", "isDeleted:":"true", "version":"1701043542313"}}
{"logTime": "1202/151058", "correlationVector":"wWxXpAD3pzFti23vh8tysU.62","action":"GetUpdates", "result":"DeleteReceived", "context":{"id":"80406fd8-3f63-42fe-beba-81599203e22b", "isDeleted:":"true", "version":"1701045077862"}}
{"logTime": "1202/151058", "correlationVector":"wWxXpAD3pzFti23vh8tysU.63","action":"GetUpdates", "result":"DeleteReceived", "context":{"id":"3fa0ca22-ac22-4a10-9228-d2c19ee92357", "isDeleted:":"true", "version":"1701045675101"}}
{"logTime": "1202/151058", "correlationVector":"wWxXpAD3pzFti23vh8tysU.64","action":"GetUpdates", "result":"DeleteReceived", "context":{"id":"2db71c46-9e05-40d9-ba1e-3105315bbc2c", "isDeleted:":"true", "version":"1701046023374"}}
{"logTime": "1202/151058", "correlationVector":"wWxXpAD3pzFti23vh8tysU.65","action":"GetUpdates", "result":"DeleteReceived", "context":{"id":"20c2c7f5-6958-4982-b13f-276caf8e9cdf", "isDeleted:":"true", "version":"1701046377101"}}
{"logTime": "1202/151058", "correlationVector":"wWxXpAD3pzFti23vh8tysU.66","action":"GetUpdates", "result":"DeleteReceived", "context":{"id":"46e6f796-3c60-473e-a118-9d2b658825b8", "isDeleted:":"true", "version":"1701046377103"}}
{"logTime": "1202/151058", "correlationVector":"wWxXpAD3pzFti23vh8tysU.67","action":"GetUpdates", "result":"DeleteReceived", "context":{"id":"926a8c4c-d2fe-4f82-8629-fb3e584419f2", "isDeleted:":"true", "version":"1701047032190"}}
{"logTime": "1202/151058", "correlationVector":"wWxXpAD3pzFti23vh8tysU.68","action":"GetUpdates", "result":"DeleteReceived", "context":{"id":"f38ff82d-9132-40cf-89e5-08de4bd08c6f", "isDeleted:":"true", "version":"1701047032191"}}
{"logTime": "1202/151058", "correlationVector":"wWxXpAD3pzFti23vh8tysU.69","action":"GetUpdates", "result":"DeleteReceived", "context":{"id":"597ebad0-3404-4e09-a266-70ec1adab8d3", "isDeleted:":"true", "version":"1701047032193"}}
{"logTime": "1202/151058", "correlationVector":"wWxXpAD3pzFti23vh8tysU.70","action":"GetUpdates", "result":"DeleteReceived", "context":{"id":"c9a35067-24e7-4140-a61f-79ef9b7508c7", "isDeleted:":"true", "version":"1701047064598"}}
{"logTime": "1202/151058", "correlationVector":"wWxXpAD3pzFti23vh8tysU.71","action":"GetUpdates", "result":"DeleteReceived", "context":{"id":"33012c03-6d2b-43de-ba75-f7034719123f", "isDeleted:":"true", "version":"1701047064599"}}
{"logTime": "1202/151058", "correlationVector":"wWxXpAD3pzFti23vh8tysU.72","action":"GetUpdates", "result":"DeleteReceived", "context":{"id":"cc8ecf76-af81-4cb8-b4cc-ce39b55f41a7", "isDeleted:":"true", "version":"1701047517765"}}
{"logTime": "1202/151058", "correlationVector":"wWxXpAD3pzFti23vh8tysU.73","action":"GetUpdates", "result":"DeleteReceived", "context":{"id":"5e959561-b99d-4478-8451-e285cc555f4b", "isDeleted:":"true", "version":"1701047838008"}}
{"logTime": "1202/151058", "correlationVector":"wWxXpAD3pzFti23vh8tysU.74","action":"GetUpdates", "result":"DeleteReceived", "context":{"id":"e67f3d7c-d6bc-4c90-bea8-eca5abd91910", "isDeleted:":"true", "version":"1701047963370"}}
{"logTime": "1202/151058", "correlationVector":"wWxXpAD3pzFti23vh8tysU.75","action":"GetUpdates", "result":"DeleteReceived", "context":{"id":"3258ef19-a2d5-4fe6-8ae0-cd68d7811a0c", "isDeleted:":"true", "version":"1701048693109"}}
{"logTime": "1202/151058", "correlationVector":"wWxXpAD3pzFti23vh8tysU.76","action":"GetUpdates", "result":"DeleteReceived", "context":{"id":"51dc365a-c182-4858-ae54-7092d3abf82f", "isDeleted:":"true", "version":"1701049622055"}}
{"logTime": "1202/151058", "correlationVector":"wWxXpAD3pzFti23vh8tysU.77","action":"GetUpdates", "result":"DeleteReceived", "context":{"id":"cf115fad-8aea-4499-a1fe-cab8343a9203", "isDeleted:":"true", "version":"1701051956173"}}
{"logTime": "1202/151058", "correlationVector":"wWxXpAD3pzFti23vh8tysU.78","action":"GetUpdates", "result":"DeleteReceived", "context":{"id":"c10ddd63-2b01-44f3-b9a7-09dcdfcb1b34", "isDeleted:":"true", "version":"1701057957640"}}
{"logTime": "1202/151058", "correlationVector":"wWxXpAD3pzFti23vh8tysU.79","action":"GetUpdates", "result":"DeleteReceived", "context":{"id":"d0703c7f-ffec-48db-80d8-3f92dd9e0dcb", "isDeleted:":"true", "version":"1701057957642"}}
{"logTime": "1202/151058", "correlationVector":"wWxXpAD3pzFti23vh8tysU.80","action":"GetUpdates", "result":"DeleteReceived", "context":{"id":"da4bc675-545f-4470-acc6-39593d70d1d1", "isDeleted:":"true", "version":"1701058017764"}}
{"logTime": "1202/151058", "correlationVector":"wWxXpAD3pzFti23vh8tysU.81","action":"GetUpdates", "result":"DeleteReceived", "context":{"id":"29bb9e0a-7023-4ffd-b01e-49b3cae5f7cd", "isDeleted:":"true", "version":"1701058017766"}}
{"logTime": "1202/151058", "correlationVector":"wWxXpAD3pzFti23vh8tysU.82","action":"GetUpdates", "result":"DeleteReceived", "context":{"id":"ac8e495f-c413-40f7-9dd1-62171917fb14", "isDeleted:":"true", "version":"1701059135225"}}
{"logTime": "1202/151058", "correlationVector":"wWxXpAD3pzFti23vh8tysU.83","action":"GetUpdates", "result":"DeleteReceived", "context":{"id":"abef3802-a057-42b0-8d9c-e2aa1f552932", "isDeleted:":"true", "version":"1701105684948"}}
{"logTime": "1202/151058", "correlationVector":"wWxXpAD3pzFti23vh8tysU.84","action":"GetUpdates", "result":"DeleteReceived", "context":{"id":"5f5f2be5-be26-458c-9127-d4fd86cadd40", "isDeleted:":"true", "version":"1701105684949"}}
{"logTime": "1202/151058", "correlationVector":"wWxXpAD3pzFti23vh8tysU.85","action":"GetUpdates", "result":"DeleteReceived", "context":{"id":"c67c866e-2c8f-4dae-a331-5941e4afc4ff", "isDeleted:":"true", "version":"1701105684951"}}
{"logTime": "1202/151058", "correlationVector":"wWxXpAD3pzFti23vh8tysU.86","action":"GetUpdates", "result":"DeleteReceived", "context":{"id":"f967c283-3a74-43fe-b7e2-f122d06e980a", "isDeleted:":"true", "version":"1701105716053"}}
{"logTime": "1202/151058", "correlationVector":"wWxXpAD3pzFti23vh8tysU.87","action":"GetUpdates", "result":"DeleteReceived", "context":{"id":"737e336a-2095-4c9e-91ee-c7358e01172a", "isDeleted:":"true", "version":"1701107160566"}}
{"logTime": "1202/151058", "correlationVector":"wWxXpAD3pzFti23vh8tysU.88","action":"GetUpdates", "result":"DeleteReceived", "context":{"id":"6bac6f5a-a60b-47c5-8dce-123e923d3af3", "isDeleted:":"true", "version":"1701107556075"}}
{"logTime": "1202/151058", "correlationVector":"wWxXpAD3pzFti23vh8tysU.89","action":"GetUpdates", "result":"DeleteReceived", "context":{"id":"160adb66-c375-4ff5-b29a-50144eeb9d61", "isDeleted:":"true", "version":"1701108369194"}}
{"logTime": "1202/151058", "correlationVector":"wWxXpAD3pzFti23vh8tysU.90","action":"GetUpdates", "result":"DeleteReceived", "context":{"id":"792c64ef-7ba5-419f-a730-03953c750670", "isDeleted:":"true", "version":"1701111433344"}}
{"logTime": "1202/151058", "correlationVector":"wWxXpAD3pzFti23vh8tysU.91","action":"GetUpdates", "result":"DeleteReceived", "context":{"id":"2b4221a7-edf0-44fd-b867-8cc5280f215a", "isDeleted:":"true", "version":"1701123009691"}}
{"logTime": "1202/151058", "correlationVector":"wWxXpAD3pzFti23vh8tysU.92","action":"GetUpdates", "result":"DeleteReceived", "context":{"id":"3affeafb-0f18-4bb0-b9c0-33cd405dc7bc", "isDeleted:":"true", "version":"1701123574491"}}
{"logTime": "1202/151058", "correlationVector":"wWxXpAD3pzFti23vh8tysU.93","action":"GetUpdates", "result":"DeleteReceived", "context":{"id":"78167243-1ea7-4784-94e4-7fca90a3d0b4", "isDeleted:":"true", "version":"1701123996710"}}
{"logTime": "1202/151058", "correlationVector":"wWxXpAD3pzFti23vh8tysU.94","action":"GetUpdates", "result":"DeleteReceived", "context":{"id":"9fb45fdb-3e1a-4209-b93a-371b8f2fede5", "isDeleted:":"true", "version":"1701126881158"}}
{"logTime": "1202/151058", "correlationVector":"wWxXpAD3pzFti23vh8tysU.95","action":"GetUpdates", "result":"DeleteReceived", "context":{"id":"fa7a39a7-f76d-4073-86eb-0150a5b784a7", "isDeleted:":"true", "version":"1701132656283"}}
{"logTime": "1202/151058", "correlationVector":"wWxXpAD3pzFti23vh8tysU.96","action":"GetUpdates", "result":"DeleteReceived", "context":{"id":"bcbc0ec2-85b9-4440-8b2b-deae276f8427", "isDeleted:":"true", "version":"1701135547479"}}
{"logTime": "1202/151058", "correlationVector":"wWxXpAD3pzFti23vh8tysU.97","action":"GetUpdates", "result":"DeleteReceived", "context":{"id":"8e80d5a3-7646-410b-adc5-1a967673f65f", "isDeleted:":"true", "version":"1701136383149"}}
{"logTime": "1202/151058", "correlationVector":"wWxXpAD3pzFti23vh8tysU.98","action":"GetUpdates", "result":"DeleteReceived", "context":{"id":"c0b1e88e-4f67-4b6c-8749-7f84f6b53e24", "isDeleted:":"true", "version":"1701136415809"}}
{"logTime": "1202/151058", "correlationVector":"wWxXpAD3pzFti23vh8tysU.99","action":"GetUpdates", "result":"DeleteReceived", "context":{"id":"d5caaaf2-88ca-41aa-9ac4-ad8792c34f5b", "isDeleted:":"true", "version":"1701136415810"}}
{"logTime": "1202/151058", "correlationVector":"wWxXpAD3pzFti23vh8tysU.100","action":"GetUpdates", "result":"DeleteReceived", "context":{"id":"10d14ce9-db15-4c62-b0cc-611653e6279c", "isDeleted:":"true", "version":"1701136415813"}}
{"logTime": "1202/151058", "correlationVector":"wWxXpAD3pzFti23vh8tysU.101","action":"GetUpdates", "result":"DeleteReceived", "context":{"id":"664838b5-aeb0-4552-9c91-176641701487", "isDeleted:":"true", "version":"1701142444962"}}
{"logTime": "1202/151058", "correlationVector":"wWxXpAD3pzFti23vh8tysU.102","action":"GetUpdates", "result":"DeleteReceived", "context":{"id":"a6d0e5b3-d8b3-43c4-abe1-807dda76e698", "isDeleted:":"true", "version":"1701143463746"}}
{"logTime": "1202/151058", "correlationVector":"wWxXpAD3pzFti23vh8tysU.103","action":"GetUpdates", "result":"DeleteReceived", "context":{"id":"9b261e57-9a2e-4174-9b30-76d5e94c4347", "isDeleted:":"true", "version":"1701190001715"}}
{"logTime": "1202/151058", "correlationVector":"wWxXpAD3pzFti23vh8tysU.104","action":"GetUpdates", "result":"DeleteReceived", "context":{"id":"074e25f3-213f-4a6c-a48c-1aa42660fa81", "isDeleted:":"true", "version":"1701190001716"}}
{"logTime": "1202/151058", "correlationVector":"wWxXpAD3pzFti23vh8tysU.105","action":"GetUpdates", "result":"DeleteReceived", "context":{"id":"66d07550-368e-4d93-a674-07db021b1544", "isDeleted:":"true", "version":"1701190001717"}}
{"logTime": "1202/151058", "correlationVector":"wWxXpAD3pzFti23vh8tysU.106","action":"GetUpdates", "result":"DeleteReceived", "context":{"id":"7de49853-5ef0-404c-af03-f65c25c67cb0", "isDeleted:":"true", "version":"1701190001718"}}
{"logTime": "1202/151058", "correlationVector":"wWxXpAD3pzFti23vh8tysU.107","action":"GetUpdates", "result":"DeleteReceived", "context":{"id":"d249e0de-1a3d-4534-9012-d26e3085b99f", "isDeleted:":"true", "version":"1701190001719"}}
{"logTime": "1202/151058", "correlationVector":"wWxXpAD3pzFti23vh8tysU.108","action":"GetUpdates", "result":"DeleteReceived", "context":{"id":"9a8220a4-abf1-4d30-82bb-6075b949d596", "isDeleted:":"true", "version":"1701190001720"}}
{"logTime": "1202/151058", "correlationVector":"wWxXpAD3pzFti23vh8tysU.109","action":"GetUpdates", "result":"DeleteReceived", "context":{"id":"28c44cc8-c653-45d8-9ecf-6c6597332d10", "isDeleted:":"true", "version":"1701190001721"}}
{"logTime": "1202/151058", "correlationVector":"wWxXpAD3pzFti23vh8tysU.110","action":"GetUpdates", "result":"DeleteReceived", "context":{"id":"6c20c011-4a25-456b-bc87-2255e6cd3efd", "isDeleted:":"true", "version":"1701190001722"}}
{"logTime": "1202/151058", "correlationVector":"wWxXpAD3pzFti23vh8tysU.111","action":"GetUpdates", "result":"DeleteReceived", "context":{"id":"243cf540-2fa2-4faa-929e-ed6aa0a2a89c", "isDeleted:":"true", "version":"1701190001725"}}
{"logTime": "1202/151058", "correlationVector":"wWxXpAD3pzFti23vh8tysU.112","action":"GetUpdates", "result":"DeleteReceived", "context":{"id":"bc83c716-06ad-4a7d-a422-17cf0247b4a1", "isDeleted:":"true", "version":"1701190001727"}}
{"logTime": "1202/151058", "correlationVector":"wWxXpAD3pzFti23vh8tysU.113","action":"GetUpdates", "result":"DeleteReceived", "context":{"id":"e07bcb5d-440f-4101-a20f-beef6ea1e092", "isDeleted:":"true", "version":"1701190001728"}}
{"logTime": "1202/151058", "correlationVector":"wWxXpAD3pzFti23vh8tysU.114","action":"GetUpdates", "result":"DeleteReceived", "context":{"id":"1bbaf81e-ed12-4e1a-ba48-2842aaadda40", "isDeleted:":"true", "version":"1701190001729"}}
{"logTime": "1202/151058", "correlationVector":"wWxXpAD3pzFti23vh8tysU.115","action":"GetUpdates", "result":"DeleteReceived", "context":{"id":"d5128530-e086-4de5-938c-fb7360a547fc", "isDeleted:":"true", "version":"1701190001730"}}
{"logTime": "1202/151058", "correlationVector":"wWxXpAD3pzFti23vh8tysU.116","action":"GetUpdates", "result":"DeleteReceived", "context":{"id":"00792508-633c-4f32-9ef7-066fc544906b", "isDeleted:":"true", "version":"1701190003724"}}
{"logTime": "1202/151058", "correlationVector":"wWxXpAD3pzFti23vh8tysU.117","action":"GetUpdates", "result":"DeleteReceived", "context":{"id":"3bc31acf-d842-4b44-bd9c-f4c0b1be19f6", "isDeleted:":"true", "version":"1701190003726"}}
{"logTime": "1202/151058", "correlationVector":"wWxXpAD3pzFti23vh8tysU.118","action":"GetUpdates", "result":"DeleteReceived", "context":{"id":"5cf83456-f4ab-403d-84fd-b4bea58f3ef7", "isDeleted:":"true", "version":"1701190003727"}}
{"logTime": "1202/151058", "correlationVector":"wWxXpAD3pzFti23vh8tysU.119","action":"GetUpdates", "result":"DeleteReceived", "context":{"id":"a3f7f539-f594-430d-8b23-c2a543a3852e", "isDeleted:":"true", "version":"1701190003728"}}
{"logTime": "1202/151058", "correlationVector":"wWxXpAD3pzFti23vh8tysU.120","action":"GetUpdates", "result":"DeleteReceived", "context":{"id":"05d54351-07d3-421e-8f8f-d8ac78ee8378", "isDeleted:":"true", "version":"1701191069251"}}
{"logTime": "1202/151058", "correlationVector":"wWxXpAD3pzFti23vh8tysU.121","action":"GetUpdates", "result":"DeleteReceived", "context":{"id":"1435eb00-73b9-490f-abe8-9265e69cb939", "isDeleted:":"true", "version":"1701191069252"}}
{"logTime": "1202/151058", "correlationVector":"wWxXpAD3pzFti23vh8tysU.122","action":"GetUpdates", "result":"DeleteReceived", "context":{"id":"c0ebe490-481e-4a31-a7a0-74b5836f90f9", "isDeleted:":"true", "version":"1701191069253"}}
{"logTime": "1202/151058", "correlationVector":"wWxXpAD3pzFti23vh8tysU.123","action":"GetUpdates", "result":"DeleteReceived", "context":{"id":"c019450f-cef4-4036-a8b8-416fdf39a3be", "isDeleted:":"true", "version":"1701191069255"}}
{"logTime": "1202/151058", "correlationVector":"wWxXpAD3pzFti23vh8tysU.124","action":"GetUpdates", "result":"DeleteReceived", "context":{"id":"8ff029fe-1730-4360-a754-dbc14dbf10f6", "isDeleted:":"true", "version":"1701191069256"}}
{"logTime": "1202/151058", "correlationVector":"wWxXpAD3pzFti23vh8tysU.125","action":"GetUpdates", "result":"DeleteReceived", "context":{"id":"25909fa3-5178-45d9-bdb1-2e2e1319fdf5", "isDeleted:":"true", "version":"1701191069257"}}
{"logTime": "1202/151058", "correlationVector":"wWxXpAD3pzFti23vh8tysU.126","action":"GetUpdates", "result":"DeleteReceived", "context":{"id":"4405ba42-cc81-4c71-8255-9325cae28499", "isDeleted:":"true", "version":"1701191069258"}}
{"logTime": "1202/151058", "correlationVector":"wWxXpAD3pzFti23vh8tysU.127","action":"GetUpdates", "result":"DeleteReceived", "context":{"id":"2c04f0c2-a1c3-490e-8938-71f626b3e284", "isDeleted:":"true", "version":"1701191069259"}}
{"logTime": "1202/151058", "correlationVector":"wWxXpAD3pzFti23vh8tysU.128","action":"GetUpdates", "result":"DeleteReceived", "context":{"id":"bbf69932-0332-4ba5-8acb-e2a000a5e944", "isDeleted:":"true", "version":"1701196819382"}}
{"logTime": "1202/151058", "correlationVector":"wWxXpAD3pzFti23vh8tysU.129","action":"GetUpdates", "result":"DeleteReceived", "context":{"id":"3e4f9a4d-d12e-42a4-a868-66a6a6443b53", "isDeleted:":"true", "version":"1701198302895"}}
{"logTime": "1202/151058", "correlationVector":"wWxXpAD3pzFti23vh8tysU.130","action":"GetUpdates", "result":"DeleteReceived", "context":{"id":"24c05bb5-9ce0-402f-b81e-210f93e0c72b", "isDeleted:":"true", "version":"1701202098684"}}
{"logTime": "1202/151058", "correlationVector":"wWxXpAD3pzFti23vh8tysU.131","action":"GetUpdates", "result":"DeleteReceived", "context":{"id":"9a273eee-6e0f-4d09-816f-654a85319e8f", "isDeleted:":"true", "version":"1701203459162"}}
{"logTime": "1202/151058", "correlationVector":"wWxXpAD3pzFti23vh8tysU.132","action":"GetUpdates", "result":"DeleteReceived", "context":{"id":"886077e2-5ba4-467a-9a10-0f95e060424f", "isDeleted:":"true", "version":"1701205374861"}}
{"logTime": "1202/151058", "correlationVector":"wWxXpAD3pzFti23vh8tysU.133","action":"GetUpdates", "result":"DeleteReceived", "context":{"id":"34f6995d-3f8c-494b-b341-d540e9774019", "isDeleted:":"true", "version":"1701207718407"}}
{"logTime": "1202/151058", "correlationVector":"wWxXpAD3pzFti23vh8tysU.134","action":"GetUpdates", "result":"DeleteReceived", "context":{"id":"0c42cd95-bd98-41ce-ae54-845a1adaed85", "isDeleted:":"true", "version":"1701208635715"}}
{"logTime": "1202/151058", "correlationVector":"wWxXpAD3pzFti23vh8tysU.135","action":"GetUpdates", "result":"DeleteReceived", "context":{"id":"67caff53-5773-4397-998b-1d7f07b2b7e5", "isDeleted:":"true", "version":"1701210620199"}}
{"logTime": "1202/151058", "correlationVector":"wWxXpAD3pzFti23vh8tysU.136","action":"GetUpdates", "result":"DeleteReceived", "context":{"id":"fcb92322-3a36-4293-a743-5cb57d5667aa", "isDeleted:":"true", "version":"1701210620200"}}
{"logTime": "1202/151058", "correlationVector":"wWxXpAD3pzFti23vh8tysU.137","action":"GetUpdates", "result":"DeleteReceived", "context":{"id":"d6862245-b6d6-4ddf-8019-a5d2378faab7", "isDeleted:":"true", "version":"1701211724734"}}
{"logTime": "1202/151058", "correlationVector":"wWxXpAD3pzFti23vh8tysU.138","action":"GetUpdates", "result":"DeleteReceived", "context":{"id":"1375596e-d3eb-43b9-9635-74af8ad15262", "isDeleted:":"true", "version":"1701211724735"}}
{"logTime": "1202/151058", "correlationVector":"wWxXpAD3pzFti23vh8tysU.139","action":"GetUpdates", "result":"DeleteReceived", "context":{"id":"d5e16225-3af8-4034-851c-eded5944bc51", "isDeleted:":"true", "version":"1701222395116"}}
{"logTime": "1202/151058", "correlationVector":"wWxXpAD3pzFti23vh8tysU.140","action":"GetUpdates", "result":"DeleteReceived", "context":{"id":"20031011-a411-4007-9204-54086ff5b857", "isDeleted:":"true", "version":"1701222520261"}}
{"logTime": "1202/151058", "correlationVector":"wWxXpAD3pzFti23vh8tysU.141","action":"GetUpdates", "result":"DeleteReceived", "context":{"id":"f4a5f85a-961e-4c0f-9b5d-d1018f73d54a", "isDeleted:":"true", "version":"1701226305168"}}
{"logTime": "1202/151058", "correlationVector":"wWxXpAD3pzFti23vh8tysU.142","action":"GetUpdates", "result":"DeleteReceived", "context":{"id":"a5fcd1d3-2218-4cff-8753-c9278719eb95", "isDeleted:":"true", "version":"1701266931888"}}
{"logTime": "1202/151058", "correlationVector":"wWxXpAD3pzFti23vh8tysU.143","action":"GetUpdates", "result":"DeleteReceived", "context":{"id":"c13ae95e-92a1-489c-993f-67f4e53ded35", "isDeleted:":"true", "version":"1701266966362"}}
{"logTime": "1202/151058", "correlationVector":"wWxXpAD3pzFti23vh8tysU.144","action":"GetUpdates", "result":"DeleteReceived", "context":{"id":"243a72a9-7010-4e7d-9f13-c01311204fd1", "isDeleted:":"true", "version":"1701267673605"}}
{"logTime": "1202/151058", "correlationVector":"wWxXpAD3pzFti23vh8tysU.145","action":"GetUpdates", "result":"DeleteReceived", "context":{"id":"c3fa1654-2959-48c7-9ca6-096fc075b930", "isDeleted:":"true", "version":"1701268520631"}}
{"logTime": "1202/151058", "correlationVector":"wWxXpAD3pzFti23vh8tysU.146","action":"GetUpdates", "result":"DeleteReceived", "context":{"id":"a7e9023a-5897-427e-8ae6-b7762d16cf45", "isDeleted:":"true", "version":"1701268670899"}}
{"logTime": "1202/151058", "correlationVector":"wWxXpAD3pzFti23vh8tysU.147","action":"GetUpdates", "result":"DeleteReceived", "context":{"id":"cff3602d-c21c-4c4d-97fc-13bedbc0f5c1", "isDeleted:":"true", "version":"1701275795779"}}
{"logTime": "1202/151058", "correlationVector":"wWxXpAD3pzFti23vh8tysU.148","action":"GetUpdates", "result":"DeleteReceived", "context":{"id":"314495f5-bc6d-4f8c-a069-f9217bec32bb", "isDeleted:":"true", "version":"1701275795780"}}
{"logTime": "1202/151058", "correlationVector":"wWxXpAD3pzFti23vh8tysU.149","action":"GetUpdates", "result":"DeleteReceived", "context":{"id":"0297830f-c594-41db-832d-4775d8214256", "isDeleted:":"true", "version":"1701275795781"}}
{"logTime": "1202/151058", "correlationVector":"wWxXpAD3pzFti23vh8tysU.150","action":"GetUpdates", "result":"DeleteReceived", "context":{"id":"ac3590d1-3e2e-4059-ba5f-6dade47b87bf", "isDeleted:":"true", "version":"1701275795782"}}
{"logTime": "1202/151058", "correlationVector":"wWxXpAD3pzFti23vh8tysU.151","action":"GetUpdates", "result":"DeleteReceived", "context":{"id":"84f9fee1-7106-4779-a1ee-b89dfb47d3e8", "isDeleted:":"true", "version":"1701275795784"}}
{"logTime": "1202/151058", "correlationVector":"wWxXpAD3pzFti23vh8tysU.152","action":"GetUpdates", "result":"DeleteReceived", "context":{"id":"1e1bab0f-dd7e-4abb-ac0d-21022ebdb107", "isDeleted:":"true", "version":"1701275795785"}}
{"logTime": "1202/151058", "correlationVector":"wWxXpAD3pzFti23vh8tysU.153","action":"GetUpdates", "result":"DeleteReceived", "context":{"id":"d452d4bb-2ff6-4bb6-ab58-c8b7cf83b15a", "isDeleted:":"true", "version":"1701275795788"}}
{"logTime": "1202/151058", "correlationVector":"wWxXpAD3pzFti23vh8tysU.154","action":"GetUpdates", "result":"DeleteReceived", "context":{"id":"6e81470f-10fa-4d71-95a4-424a5e05f79c", "isDeleted:":"true", "version":"1701275820241"}}
{"logTime": "1202/151058", "correlationVector":"wWxXpAD3pzFti23vh8tysU.155","action":"GetUpdates", "result":"DeleteReceived", "context":{"id":"5eaf1dd0-b481-4851-aaaf-ee89d31163aa", "isDeleted:":"true", "version":"1701275889672"}}
{"logTime": "1202/151058", "correlationVector":"wWxXpAD3pzFti23vh8tysU.156","action":"GetUpdates", "result":"DeleteReceived", "context":{"id":"a97e4dda-89b8-421e-ac33-dcf49eda062c", "isDeleted:":"true", "version":"1701278324646"}}
{"logTime": "1202/151058", "correlationVector":"wWxXpAD3pzFti23vh8tysU.157","action":"GetUpdates", "result":"DeleteReceived", "context":{"id":"29541d8a-3485-49ef-a24a-dc5def1c4460", "isDeleted:":"true", "version":"1701278399657"}}
{"logTime": "1202/151058", "correlationVector":"wWxXpAD3pzFti23vh8tysU.158","action":"GetUpdates", "result":"DeleteReceived", "context":{"id":"541544c2-169b-4ab2-bf1e-354ff34266c4", "isDeleted:":"true", "version":"1701278399658"}}
{"logTime": "1202/151058", "correlationVector":"wWxXpAD3pzFti23vh8tysU.159","action":"GetUpdates", "result":"DeleteReceived", "context":{"id":"3011308e-d3d3-47ef-9a1f-8b8e9cd6484b", "isDeleted:":"true", "version":"1701278399663"}}
{"logTime": "1202/151058", "correlationVector":"wWxXpAD3pzFti23vh8tysU.160","action":"GetUpdates", "result":"DeleteReceived", "context":{"id":"c5a370ed-3d71-4973-8abb-abb8a3268d65", "isDeleted:":"true", "version":"1701278399665"}}
{"logTime": "1202/151058", "correlationVector":"wWxXpAD3pzFti23vh8tysU.161","action":"GetUpdates", "result":"DeleteReceived", "context":{"id":"8a593f44-4780-4911-9e28-f857ed39f474", "isDeleted:":"true", "version":"1701278399666"}}
{"logTime": "1202/151058", "correlationVector":"wWxXpAD3pzFti23vh8tysU.162","action":"GetUpdates", "result":"DeleteReceived", "context":{"id":"734837e4-5e8e-4f41-b1cc-784a4958f33e", "isDeleted:":"true", "version":"1701278405577"}}
{"logTime": "1202/151058", "correlationVector":"wWxXpAD3pzFti23vh8tysU.163","action":"GetUpdates Response", "result":"SERVER_MORE_TO_DOWNLOAD", "context":Received 250 update(s).  Some updates remain.}
{"logTime": "1202/151058", "correlationVector":"epNdV25EfWQu/W3CZImbGR","action":"Initial GetUpdates", "result":"", "context":Reason: NEWLY_SUPPORTED_DATATYPE. cV=epNdV25EfWQu/W3CZImbGR}
{"logTime": "1202/151059", "correlationVector":"epNdV25EfWQu/W3CZImbGR.1","action":"SyncServerConnectionManagerRequest", "result":"SYNC_SERVER_OK", "context":{"environment":"Prod_EastUS2_000e", "migrationStage":"NotStarted", "server":"GENERAL0100000O"}}
{"logTime": "1202/151059", "correlationVector":"epNdV25EfWQu/W3CZImbGR.2","action":"GetUpdates", "result":"DeleteReceived", "context":{"id":"66b24486-0c60-40de-928c-8121ebf75c80", "isDeleted:":"true", "version":"1701278405578"}}
{"logTime": "1202/151059", "correlationVector":"epNdV25EfWQu/W3CZImbGR.3","action":"GetUpdates", "result":"DeleteReceived", "context":{"id":"c84a403b-fbfc-4460-8fe4-b8cd0561e1bb", "isDeleted:":"true", "version":"1701278405581"}}
{"logTime": "1202/151059", "correlationVector":"epNdV25EfWQu/W3CZImbGR.4","action":"GetUpdates", "result":"DeleteReceived", "context":{"id":"19de8a93-fc57-4af0-b8d9-41b56b7f9284", "isDeleted:":"true", "version":"1701278405582"}}
{"logTime": "1202/151059", "correlationVector":"epNdV25EfWQu/W3CZImbGR.5","action":"GetUpdates", "result":"DeleteReceived", "context":{"id":"e24efd21-dcf6-49ea-9d34-7fa3d0abbc7f", "isDeleted:":"true", "version":"1701278405584"}}
{"logTime": "1202/151059", "correlationVector":"epNdV25EfWQu/W3CZImbGR.6","action":"GetUpdates", "result":"DeleteReceived", "context":{"id":"d601ea60-f024-4da4-95bb-b457d4dfe7df", "isDeleted:":"true", "version":"1701278411315"}}
{"logTime": "1202/151059", "correlationVector":"epNdV25EfWQu/W3CZImbGR.7","action":"GetUpdates", "result":"DeleteReceived", "context":{"id":"c9fb822c-9874-4114-8636-86204c2d0f3f", "isDeleted:":"true", "version":"1701279810199"}}
{"logTime": "1202/151059", "correlationVector":"epNdV25EfWQu/W3CZImbGR.8","action":"GetUpdates", "result":"DeleteReceived", "context":{"id":"19e54909-5898-4c84-9739-6cc25dbc4d03", "isDeleted:":"true", "version":"1701280432214"}}
{"logTime": "1202/151059", "correlationVector":"epNdV25EfWQu/W3CZImbGR.9","action":"GetUpdates", "result":"DeleteReceived", "context":{"id":"234416e9-9d78-4fbc-bea4-3fe046b2c74d", "isDeleted:":"true", "version":"1701283642532"}}
{"logTime": "1202/151059", "correlationVector":"epNdV25EfWQu/W3CZImbGR.10","action":"GetUpdates", "result":"DeleteReceived", "context":{"id":"2724e2bb-7609-4126-b2ad-e232a2f2fa53", "isDeleted:":"true", "version":"1701285730074"}}
{"logTime": "1202/151059", "correlationVector":"epNdV25EfWQu/W3CZImbGR.11","action":"GetUpdates", "result":"DeleteReceived", "context":{"id":"aa6f7cc0-cd98-4b46-9ae1-b79d825da798", "isDeleted:":"true", "version":"1701298367956"}}
{"logTime": "1202/151059", "correlationVector":"epNdV25EfWQu/W3CZImbGR.12","action":"GetUpdates", "result":"DeleteReceived", "context":{"id":"5b7d7812-bc06-4535-adef-bc2365ee384e", "isDeleted:":"true", "version":"1701299338033"}}
{"logTime": "1202/151059", "correlationVector":"epNdV25EfWQu/W3CZImbGR.13","action":"GetUpdates", "result":"DeleteReceived", "context":{"id":"a519ed9d-7eec-4cc8-a357-f7958788d70a", "isDeleted:":"true", "version":"1701299363361"}}
{"logTime": "1202/151059", "correlationVector":"epNdV25EfWQu/W3CZImbGR.14","action":"GetUpdates", "result":"DeleteReceived", "context":{"id":"79479c5e-e517-426b-a8c6-4909829344ae", "isDeleted:":"true", "version":"1701299363363"}}
{"logTime": "1202/151059", "correlationVector":"epNdV25EfWQu/W3CZImbGR.15","action":"GetUpdates", "result":"DeleteReceived", "context":{"id":"eaf894bf-ca11-4ee8-88a6-a23e7f7ec0f6", "isDeleted:":"true", "version":"1701299363364"}}
{"logTime": "1202/151059", "correlationVector":"epNdV25EfWQu/W3CZImbGR.16","action":"GetUpdates", "result":"DeleteReceived", "context":{"id":"523d231f-9916-4c44-b555-ba7a7a721fc4", "isDeleted:":"true", "version":"1701299372512"}}
{"logTime": "1202/151059", "correlationVector":"epNdV25EfWQu/W3CZImbGR.17","action":"GetUpdates", "result":"DeleteReceived", "context":{"id":"69d6f0ae-504d-4d09-bbdf-901ad6fd4148", "isDeleted:":"true", "version":"1701299372513"}}
{"logTime": "1202/151059", "correlationVector":"epNdV25EfWQu/W3CZImbGR.18","action":"GetUpdates", "result":"DeleteReceived", "context":{"id":"1dbe39e5-d095-4f0e-bbba-a6334bea2d1d", "isDeleted:":"true", "version":"1701299372514"}}
{"logTime": "1202/151059", "correlationVector":"epNdV25EfWQu/W3CZImbGR.19","action":"GetUpdates", "result":"DeleteReceived", "context":{"id":"6fd7c6d4-d646-491e-987f-f5b738d525f0", "isDeleted:":"true", "version":"1701299406800"}}
{"logTime": "1202/151059", "correlationVector":"epNdV25EfWQu/W3CZImbGR.20","action":"GetUpdates", "result":"DeleteReceived", "context":{"id":"4cb09120-47ed-49fe-b3c9-a056196c4477", "isDeleted:":"true", "version":"1701299427686"}}
{"logTime": "1202/151059", "correlationVector":"epNdV25EfWQu/W3CZImbGR.21","action":"GetUpdates", "result":"DeleteReceived", "context":{"id":"361d9728-0915-418e-b9c4-82fd90b438f5", "isDeleted:":"true", "version":"1701299427689"}}
{"logTime": "1202/151059", "correlationVector":"epNdV25EfWQu/W3CZImbGR.22","action":"GetUpdates", "result":"DeleteReceived", "context":{"id":"8ebdd52a-c357-406d-a1a2-9156386d6efc", "isDeleted:":"true", "version":"1701299435409"}}
{"logTime": "1202/151059", "correlationVector":"epNdV25EfWQu/W3CZImbGR.23","action":"GetUpdates", "result":"DeleteReceived", "context":{"id":"a0194c32-c0ef-442d-b164-2f21843d6307", "isDeleted:":"true", "version":"1701299435410"}}
{"logTime": "1202/151059", "correlationVector":"epNdV25EfWQu/W3CZImbGR.24","action":"GetUpdates", "result":"DeleteReceived", "context":{"id":"27776fb1-591a-45c3-b46f-d47ec3a41a23", "isDeleted:":"true", "version":"1701299435411"}}
{"logTime": "1202/151059", "correlationVector":"epNdV25EfWQu/W3CZImbGR.25","action":"GetUpdates", "result":"DeleteReceived", "context":{"id":"c410253a-7413-435b-bf46-b0620fc352ff", "isDeleted:":"true", "version":"1701299435414"}}
{"logTime": "1202/151059", "correlationVector":"epNdV25EfWQu/W3CZImbGR.26","action":"GetUpdates", "result":"DeleteReceived", "context":{"id":"834b0aef-c402-4f18-891e-2b293b5be72c", "isDeleted:":"true", "version":"1701299644852"}}
{"logTime": "1202/151059", "correlationVector":"epNdV25EfWQu/W3CZImbGR.27","action":"GetUpdates", "result":"DeleteReceived", "context":{"id":"1c6d110e-a6de-4550-9334-8d6478d16ae9", "isDeleted:":"true", "version":"1701300410889"}}
{"logTime": "1202/151059", "correlationVector":"epNdV25EfWQu/W3CZImbGR.28","action":"GetUpdates", "result":"DeleteReceived", "context":{"id":"0708a44b-4806-4e74-9a11-f79c48ae5d39", "isDeleted:":"true", "version":"1701300422071"}}
{"logTime": "1202/151059", "correlationVector":"epNdV25EfWQu/W3CZImbGR.29","action":"GetUpdates", "result":"DeleteReceived", "context":{"id":"551bec64-7106-4615-860f-9fcf1642c031", "isDeleted:":"true", "version":"1701301307679"}}
{"logTime": "1202/151059", "correlationVector":"epNdV25EfWQu/W3CZImbGR.30","action":"GetUpdates", "result":"DeleteReceived", "context":{"id":"5eadabf3-fa9f-4120-ab54-aefa349f8e3a", "isDeleted:":"true", "version":"1701303946694"}}
{"logTime": "1202/151059", "correlationVector":"epNdV25EfWQu/W3CZImbGR.31","action":"GetUpdates", "result":"DeleteReceived", "context":{"id":"e8218d59-f742-456f-9f70-cc8bd1a370bb", "isDeleted:":"true", "version":"1701308827210"}}
{"logTime": "1202/151059", "correlationVector":"epNdV25EfWQu/W3CZImbGR.32","action":"GetUpdates", "result":"DeleteReceived", "context":{"id":"3fdb6523-8521-4ffe-bf58-e5ae65c44862", "isDeleted:":"true", "version":"1701314936259"}}
{"logTime": "1202/151059", "correlationVector":"epNdV25EfWQu/W3CZImbGR.33","action":"GetUpdates", "result":"DeleteReceived", "context":{"id":"4675c0b0-1393-43aa-b81c-9ce5a0442d4b", "isDeleted:":"true", "version":"1701314936260"}}
{"logTime": "1202/151059", "correlationVector":"epNdV25EfWQu/W3CZImbGR.34","action":"GetUpdates", "result":"DeleteReceived", "context":{"id":"e23d10da-cf63-45de-9f40-69226303d785", "isDeleted:":"true", "version":"1701316202271"}}
{"logTime": "1202/151059", "correlationVector":"epNdV25EfWQu/W3CZImbGR.35","action":"GetUpdates", "result":"DeleteReceived", "context":{"id":"36cd0a64-adfa-4a1e-99fe-41a61614bd4a", "isDeleted:":"true", "version":"1701317685234"}}
{"logTime": "1202/151059", "correlationVector":"epNdV25EfWQu/W3CZImbGR.36","action":"GetUpdates", "result":"DeleteReceived", "context":{"id":"8cfa51b4-191e-42fc-99a1-7d4e167b94f0", "isDeleted:":"true", "version":"1701317710354"}}
{"logTime": "1202/151059", "correlationVector":"epNdV25EfWQu/W3CZImbGR.37","action":"GetUpdates", "result":"DeleteReceived", "context":{"id":"0caddd49-7e26-4e83-8248-e60c097c9f4b", "isDeleted:":"true", "version":"1701317725313"}}
{"logTime": "1202/151059", "correlationVector":"epNdV25EfWQu/W3CZImbGR.38","action":"GetUpdates", "result":"DeleteReceived", "context":{"id":"4c13f274-572c-4b49-8f87-09de003fbe23", "isDeleted:":"true", "version":"1701339843048"}}
{"logTime": "1202/151059", "correlationVector":"epNdV25EfWQu/W3CZImbGR.39","action":"GetUpdates", "result":"DeleteReceived", "context":{"id":"2cf50c0b-d4a2-476a-b915-440cc3b207ec", "isDeleted:":"true", "version":"1701341412348"}}
{"logTime": "1202/151059", "correlationVector":"epNdV25EfWQu/W3CZImbGR.40","action":"GetUpdates", "result":"DeleteReceived", "context":{"id":"5797ed79-1872-402f-b047-a87d656211bf", "isDeleted:":"true", "version":"1701353760113"}}
{"logTime": "1202/151059", "correlationVector":"epNdV25EfWQu/W3CZImbGR.41","action":"GetUpdates", "result":"DeleteReceived", "context":{"id":"0bbd52cf-19a1-42d5-b77f-d02b13372bca", "isDeleted:":"true", "version":"1701374242482"}}
{"logTime": "1202/151059", "correlationVector":"epNdV25EfWQu/W3CZImbGR.42","action":"GetUpdates", "result":"DeleteReceived", "context":{"id":"6658f559-13e5-49f4-a416-10e3b73a9fb3", "isDeleted:":"true", "version":"1701377348719"}}
{"logTime": "1202/151059", "correlationVector":"epNdV25EfWQu/W3CZImbGR.43","action":"GetUpdates", "result":"DeleteReceived", "context":{"id":"3c983ed2-da43-4eae-a4f2-a4247edc498d", "isDeleted:":"true", "version":"1701382074690"}}
{"logTime": "1202/151059", "correlationVector":"epNdV25EfWQu/W3CZImbGR.44","action":"GetUpdates", "result":"DeleteReceived", "context":{"id":"9acfa7c3-50c7-44a5-a8c8-e0f6ace203ce", "isDeleted:":"true", "version":"1701382074696"}}
{"logTime": "1202/151059", "correlationVector":"epNdV25EfWQu/W3CZImbGR.45","action":"GetUpdates", "result":"DeleteReceived", "context":{"id":"03d86352-2278-4d0d-a66f-3ac5f2bd4624", "isDeleted:":"true", "version":"1701382074703"}}
{"logTime": "1202/151059", "correlationVector":"epNdV25EfWQu/W3CZImbGR.46","action":"GetUpdates", "result":"DeleteReceived", "context":{"id":"46922245-0f59-4642-b853-a2c3598de643", "isDeleted:":"true", "version":"1701382074706"}}
{"logTime": "1202/151059", "correlationVector":"epNdV25EfWQu/W3CZImbGR.47","action":"GetUpdates", "result":"DeleteReceived", "context":{"id":"a732e800-8838-4095-b84c-c7dfd9668c8a", "isDeleted:":"true", "version":"1701382075560"}}
{"logTime": "1202/151059", "correlationVector":"epNdV25EfWQu/W3CZImbGR.48","action":"GetUpdates", "result":"DeleteReceived", "context":{"id":"83245c51-dc9e-4a92-870a-8e25c397ad4c", "isDeleted:":"true", "version":"1701382075561"}}
{"logTime": "1202/151059", "correlationVector":"epNdV25EfWQu/W3CZImbGR.49","action":"GetUpdates", "result":"DeleteReceived", "context":{"id":"7ebd41cd-8d2d-4bd3-ad31-6f26e7e775fb", "isDeleted:":"true", "version":"1701382075563"}}
{"logTime": "1202/151059", "correlationVector":"epNdV25EfWQu/W3CZImbGR.50","action":"GetUpdates", "result":"DeleteReceived", "context":{"id":"759bf9f0-91e7-4df9-a17d-4ab2e8e55a8a", "isDeleted:":"true", "version":"1701382080441"}}
{"logTime": "1202/151059", "correlationVector":"epNdV25EfWQu/W3CZImbGR.51","action":"GetUpdates", "result":"DeleteReceived", "context":{"id":"dae913d2-d3d2-4da7-893c-d61b719a2218", "isDeleted:":"true", "version":"1701382080442"}}
{"logTime": "1202/151059", "correlationVector":"epNdV25EfWQu/W3CZImbGR.52","action":"GetUpdates", "result":"DeleteReceived", "context":{"id":"5e5f9538-5080-495a-8993-8a6db74e9c4b", "isDeleted:":"true", "version":"1701382080443"}}
{"logTime": "1202/151059", "correlationVector":"epNdV25EfWQu/W3CZImbGR.53","action":"GetUpdates", "result":"DeleteReceived", "context":{"id":"57161fb4-319a-49e3-b2f5-d8f465ac16fe", "isDeleted:":"true", "version":"1701382080444"}}
{"logTime": "1202/151059", "correlationVector":"epNdV25EfWQu/W3CZImbGR.54","action":"GetUpdates", "result":"DeleteReceived", "context":{"id":"bcd46f37-4a40-4980-adf1-4cbe56cd6e3a", "isDeleted:":"true", "version":"1701382080445"}}
{"logTime": "1202/151059", "correlationVector":"epNdV25EfWQu/W3CZImbGR.55","action":"GetUpdates", "result":"DeleteReceived", "context":{"id":"2fb43ac3-bad8-4bda-9b13-ce2837d1522e", "isDeleted:":"true", "version":"1701382080446"}}
{"logTime": "1202/151059", "correlationVector":"epNdV25EfWQu/W3CZImbGR.56","action":"GetUpdates", "result":"DeleteReceived", "context":{"id":"e5c549c7-908e-479d-8a97-e74eebefe193", "isDeleted:":"true", "version":"1701382080447"}}
{"logTime": "1202/151059", "correlationVector":"epNdV25EfWQu/W3CZImbGR.57","action":"GetUpdates", "result":"DeleteReceived", "context":{"id":"45bc54da-3f7a-4ba9-99ad-56e5136219da", "isDeleted:":"true", "version":"1701382080449"}}
{"logTime": "1202/151059", "correlationVector":"epNdV25EfWQu/W3CZImbGR.58","action":"GetUpdates", "result":"DeleteReceived", "context":{"id":"4029f475-33c4-4089-8f8c-2e601bd3b67a", "isDeleted:":"true", "version":"1701382080451"}}
{"logTime": "1202/151059", "correlationVector":"epNdV25EfWQu/W3CZImbGR.59","action":"GetUpdates", "result":"DeleteReceived", "context":{"id":"e8873059-0afd-42b1-9f4a-3e73bd148f97", "isDeleted:":"true", "version":"1701382080452"}}
{"logTime": "1202/151059", "correlationVector":"epNdV25EfWQu/W3CZImbGR.60","action":"GetUpdates", "result":"DeleteReceived", "context":{"id":"a9f599b6-ff21-4ab0-83fd-8939a9b60fa1", "isDeleted:":"true", "version":"1701382080453"}}
{"logTime": "1202/151059", "correlationVector":"epNdV25EfWQu/W3CZImbGR.61","action":"GetUpdates", "result":"DeleteReceived", "context":{"id":"7d8c1a01-8988-49c9-a9f3-edc3ad4cb91b", "isDeleted:":"true", "version":"1701382080454"}}
{"logTime": "1202/151059", "correlationVector":"epNdV25EfWQu/W3CZImbGR.62","action":"GetUpdates", "result":"DeleteReceived", "context":{"id":"862c8f41-0f5b-405a-89b6-c8275e3bdc6a", "isDeleted:":"true", "version":"1701382080456"}}
{"logTime": "1202/151059", "correlationVector":"epNdV25EfWQu/W3CZImbGR.63","action":"GetUpdates", "result":"DeleteReceived", "context":{"id":"0d7972fc-6ae4-4a49-b50c-000c0287ed37", "isDeleted:":"true", "version":"1701382080457"}}
{"logTime": "1202/151059", "correlationVector":"epNdV25EfWQu/W3CZImbGR.64","action":"GetUpdates", "result":"DeleteReceived", "context":{"id":"50fea7d1-40b6-4380-a232-d525c5a28d76", "isDeleted:":"true", "version":"1701382080458"}}
{"logTime": "1202/151059", "correlationVector":"epNdV25EfWQu/W3CZImbGR.65","action":"GetUpdates", "result":"DeleteReceived", "context":{"id":"3b179c9e-e199-4f74-8c00-139543d5fc2f", "isDeleted:":"true", "version":"1701382080459"}}
{"logTime": "1202/151059", "correlationVector":"epNdV25EfWQu/W3CZImbGR.66","action":"GetUpdates", "result":"DeleteReceived", "context":{"id":"4fccc7cd-e74f-4a97-ac37-bd10bcc16bc3", "isDeleted:":"true", "version":"1701382080460"}}
{"logTime": "1202/151059", "correlationVector":"epNdV25EfWQu/W3CZImbGR.67","action":"GetUpdates", "result":"DeleteReceived", "context":{"id":"db02cd32-c75e-40ae-8b32-a532ad24a57f", "isDeleted:":"true", "version":"1701382081701"}}
{"logTime": "1202/151059", "correlationVector":"epNdV25EfWQu/W3CZImbGR.68","action":"GetUpdates", "result":"DeleteReceived", "context":{"id":"20010f21-fe22-4e58-8a0b-eadc20d41c03", "isDeleted:":"true", "version":"1701382081702"}}
{"logTime": "1202/151059", "correlationVector":"epNdV25EfWQu/W3CZImbGR.69","action":"GetUpdates", "result":"DeleteReceived", "context":{"id":"5ac6eb6d-647d-4047-9c45-eabc489030ab", "isDeleted:":"true", "version":"1701382081703"}}
{"logTime": "1202/151059", "correlationVector":"epNdV25EfWQu/W3CZImbGR.70","action":"GetUpdates", "result":"DeleteReceived", "context":{"id":"62e1777e-6688-41b6-b152-eb259c4f4777", "isDeleted:":"true", "version":"1701382082510"}}
{"logTime": "1202/151059", "correlationVector":"epNdV25EfWQu/W3CZImbGR.71","action":"GetUpdates", "result":"DeleteReceived", "context":{"id":"26f898c0-4a64-4663-b1be-1669a2edcf56", "isDeleted:":"true", "version":"1701382082511"}}
{"logTime": "1202/151059", "correlationVector":"epNdV25EfWQu/W3CZImbGR.72","action":"GetUpdates", "result":"DeleteReceived", "context":{"id":"df37dfc0-61a0-4afa-b1db-7aabc39a1b72", "isDeleted:":"true", "version":"1701382283346"}}
{"logTime": "1202/151059", "correlationVector":"epNdV25EfWQu/W3CZImbGR.73","action":"GetUpdates", "result":"DeleteReceived", "context":{"id":"019a7fb7-403a-42a5-9a74-b59f8114e812", "isDeleted:":"true", "version":"1701442942607"}}
{"logTime": "1202/151059", "correlationVector":"epNdV25EfWQu/W3CZImbGR.74","action":"GetUpdates", "result":"DeleteReceived", "context":{"id":"1cd5780d-e1df-4a55-b9e7-bce8e892dec8", "isDeleted:":"true", "version":"1701442986033"}}
{"logTime": "1202/151059", "correlationVector":"epNdV25EfWQu/W3CZImbGR.75","action":"GetUpdates", "result":"DeleteReceived", "context":{"id":"949b7f67-459f-4cbb-8737-2f488e5e37dc", "isDeleted:":"true", "version":"1701443399134"}}
{"logTime": "1202/151059", "correlationVector":"epNdV25EfWQu/W3CZImbGR.76","action":"GetUpdates", "result":"DeleteReceived", "context":{"id":"dc78d058-7e5c-4bfe-8be0-a87b1af7c2a8", "isDeleted:":"true", "version":"1701443399135"}}
{"logTime": "1202/151059", "correlationVector":"epNdV25EfWQu/W3CZImbGR.77","action":"GetUpdates", "result":"DeleteReceived", "context":{"id":"f6f8ffc7-698d-48f3-9dc5-62b56a0e46c9", "isDeleted:":"true", "version":"1701443399136"}}
{"logTime": "1202/151059", "correlationVector":"epNdV25EfWQu/W3CZImbGR.78","action":"GetUpdates", "result":"DeleteReceived", "context":{"id":"41f58949-b394-470e-a214-5db10e194df9", "isDeleted:":"true", "version":"1701443399137"}}
{"logTime": "1202/151059", "correlationVector":"epNdV25EfWQu/W3CZImbGR.79","action":"GetUpdates", "result":"DeleteReceived", "context":{"id":"d920210e-69cc-41e3-9f03-0d1ace243b6c", "isDeleted:":"true", "version":"1701443399138"}}
{"logTime": "1202/151059", "correlationVector":"epNdV25EfWQu/W3CZImbGR.80","action":"GetUpdates", "result":"DeleteReceived", "context":{"id":"037b77b1-2f53-48c4-a71d-98d962896bd2", "isDeleted:":"true", "version":"1701447732840"}}
{"logTime": "1202/151059", "correlationVector":"epNdV25EfWQu/W3CZImbGR.81","action":"GetUpdates", "result":"DeleteReceived", "context":{"id":"85dca126-f1ba-4a98-8b17-d86ab0580f65", "isDeleted:":"true", "version":"1701447732841"}}
{"logTime": "1202/151059", "correlationVector":"epNdV25EfWQu/W3CZImbGR.82","action":"GetUpdates", "result":"DeleteReceived", "context":{"id":"d183d0f0-ba3c-457d-ba33-3cb1d0062dd8", "isDeleted:":"true", "version":"1701447732843"}}
{"logTime": "1202/151059", "correlationVector":"epNdV25EfWQu/W3CZImbGR.83","action":"GetUpdates", "result":"DeleteReceived", "context":{"id":"7db7bd88-b227-4c87-abe2-3d2b64837a14", "isDeleted:":"true", "version":"1701447732844"}}
{"logTime": "1202/151059", "correlationVector":"epNdV25EfWQu/W3CZImbGR.84","action":"GetUpdates", "result":"DeleteReceived", "context":{"id":"813cef00-0996-4f4c-b098-6a1541eb5aad", "isDeleted:":"true", "version":"1701447732845"}}
{"logTime": "1202/151059", "correlationVector":"epNdV25EfWQu/W3CZImbGR.85","action":"GetUpdates", "result":"DeleteReceived", "context":{"id":"ae109901-402e-4e13-bdae-0eb34b9a4546", "isDeleted:":"true", "version":"1701447732847"}}
{"logTime": "1202/151059", "correlationVector":"epNdV25EfWQu/W3CZImbGR.86","action":"GetUpdates", "result":"DeleteReceived", "context":{"id":"372a9240-0b9f-488d-a914-e5ece4910160", "isDeleted:":"true", "version":"1701447732848"}}
{"logTime": "1202/151059", "correlationVector":"epNdV25EfWQu/W3CZImbGR.87","action":"GetUpdates", "result":"DeleteReceived", "context":{"id":"5006fb7a-980e-4045-8889-645d6ee437d1", "isDeleted:":"true", "version":"1701453607999"}}
{"logTime": "1202/151059", "correlationVector":"epNdV25EfWQu/W3CZImbGR.88","action":"GetUpdates", "result":"DeleteReceived", "context":{"id":"a9e56784-11c2-46c0-95a6-222cfbd72091", "isDeleted:":"true", "version":"1701460416395"}}
{"logTime": "1202/151059", "correlationVector":"epNdV25EfWQu/W3CZImbGR.89","action":"GetUpdates", "result":"DeleteReceived", "context":{"id":"42d78a5a-cf50-4f5d-a9c7-b89b52259a95", "isDeleted:":"true", "version":"1701460416396"}}
{"logTime": "1202/151059", "correlationVector":"epNdV25EfWQu/W3CZImbGR.90","action":"GetUpdates", "result":"DeleteReceived", "context":{"id":"10284b65-6c5e-45ff-81d4-591c03671247", "isDeleted:":"true", "version":"1701460505584"}}
{"logTime": "1202/151059", "correlationVector":"epNdV25EfWQu/W3CZImbGR.91","action":"GetUpdates", "result":"DeleteReceived", "context":{"id":"592468f8-d913-4b05-af2c-e7d72fde562d", "isDeleted:":"true", "version":"1701460998059"}}
{"logTime": "1202/151059", "correlationVector":"epNdV25EfWQu/W3CZImbGR.92","action":"GetUpdates", "result":"DeleteReceived", "context":{"id":"83179f3b-e5e6-4b45-8b92-643ecfce831f", "isDeleted:":"true", "version":"1701462752183"}}
{"logTime": "1202/151059", "correlationVector":"epNdV25EfWQu/W3CZImbGR.93","action":"GetUpdates", "result":"DeleteReceived", "context":{"id":"1f8bc868-56e8-40f8-853b-67c86912be5c", "isDeleted:":"true", "version":"1701462770346"}}
{"logTime": "1202/151059", "correlationVector":"epNdV25EfWQu/W3CZImbGR.94","action":"GetUpdates", "result":"DeleteReceived", "context":{"id":"a94b0433-94c7-4d09-a271-4922f6b1c7e7", "isDeleted:":"true", "version":"1701462858670"}}
{"logTime": "1202/151059", "correlationVector":"epNdV25EfWQu/W3CZImbGR.95","action":"GetUpdates", "result":"DeleteReceived", "context":{"id":"07d40f16-b611-45e6-a4e6-dd9817f8c6c5", "isDeleted:":"true", "version":"1701462858672"}}
{"logTime": "1202/151059", "correlationVector":"epNdV25EfWQu/W3CZImbGR.96","action":"GetUpdates", "result":"DeleteReceived", "context":{"id":"0f834511-e275-4fdd-b382-9dcb5f959062", "isDeleted:":"true", "version":"1701462858673"}}
{"logTime": "1202/151059", "correlationVector":"epNdV25EfWQu/W3CZImbGR.97","action":"GetUpdates", "result":"DeleteReceived", "context":{"id":"763e4d8d-c652-4b79-800c-e06227c8b727", "isDeleted:":"true", "version":"1701462858674"}}
{"logTime": "1202/151059", "correlationVector":"epNdV25EfWQu/W3CZImbGR.98","action":"GetUpdates", "result":"DeleteReceived", "context":{"id":"ba53e3f9-8381-42f8-95bd-d6c9399a1b6f", "isDeleted:":"true", "version":"1701462858675"}}
{"logTime": "1202/151059", "correlationVector":"epNdV25EfWQu/W3CZImbGR.99","action":"GetUpdates", "result":"DeleteReceived", "context":{"id":"1dd54620-1bf2-4a6f-b663-205d9d260589", "isDeleted:":"true", "version":"1701463095775"}}
{"logTime": "1202/151059", "correlationVector":"epNdV25EfWQu/W3CZImbGR.100","action":"GetUpdates", "result":"DeleteReceived", "context":{"id":"526cfebb-304d-47b6-be39-3ce476567463", "isDeleted:":"true", "version":"1701463579519"}}
{"logTime": "1202/151059", "correlationVector":"epNdV25EfWQu/W3CZImbGR.101","action":"GetUpdates", "result":"DeleteReceived", "context":{"id":"8a056017-f692-47b6-9b13-cd1ed017960b", "isDeleted:":"true", "version":"1701463669468"}}
{"logTime": "1202/151059", "correlationVector":"epNdV25EfWQu/W3CZImbGR.102","action":"GetUpdates", "result":"DeleteReceived", "context":{"id":"4f5f8ad4-e04b-4a13-8dbb-385f17ddc12c", "isDeleted:":"true", "version":"1701464392107"}}
{"logTime": "1202/151059", "correlationVector":"epNdV25EfWQu/W3CZImbGR.103","action":"GetUpdates", "result":"DeleteReceived", "context":{"id":"c7a56943-45de-4dd7-8c07-7e8d038eb199", "isDeleted:":"true", "version":"1701465457690"}}
{"logTime": "1202/151059", "correlationVector":"epNdV25EfWQu/W3CZImbGR.104","action":"GetUpdates", "result":"DeleteReceived", "context":{"id":"014ad054-aa21-46cb-a5c7-acaeafb12644", "isDeleted:":"true", "version":"1701468025886"}}
{"logTime": "1202/151059", "correlationVector":"epNdV25EfWQu/W3CZImbGR.105","action":"GetUpdates", "result":"DeleteReceived", "context":{"id":"5da529f7-4467-48ed-bebb-d33a7a5099e4", "isDeleted:":"true", "version":"1701470550887"}}
{"logTime": "1202/151059", "correlationVector":"epNdV25EfWQu/W3CZImbGR.106","action":"GetUpdates", "result":"DeleteReceived", "context":{"id":"4e5569ff-8b84-4386-b6ad-e54d46b74516", "isDeleted:":"true", "version":"1701471828221"}}
{"logTime": "1202/151059", "correlationVector":"epNdV25EfWQu/W3CZImbGR.107","action":"GetUpdates", "result":"DeleteReceived", "context":{"id":"9102e6e7-3ba3-440e-b8bc-7bfb53a4c1f4", "isDeleted:":"true", "version":"1701471942744"}}
{"logTime": "1202/151059", "correlationVector":"epNdV25EfWQu/W3CZImbGR.108","action":"GetUpdates", "result":"DeleteReceived", "context":{"id":"2a224eb8-30ba-4f7c-a170-1fcd0d6a4078", "isDeleted:":"true", "version":"1701473537877"}}
{"logTime": "1202/151059", "correlationVector":"epNdV25EfWQu/W3CZImbGR.109","action":"GetUpdates", "result":"DeleteReceived", "context":{"id":"aaa9d593-d41b-4281-83e1-6d4b79cb8d99", "isDeleted:":"true", "version":"1701473710324"}}
{"logTime": "1202/151059", "correlationVector":"epNdV25EfWQu/W3CZImbGR.110","action":"GetUpdates", "result":"DeleteReceived", "context":{"id":"fb3183a6-626b-4d1c-abf6-cf4698b9fe64", "isDeleted:":"true", "version":"1701474439122"}}
{"logTime": "1202/151059", "correlationVector":"epNdV25EfWQu/W3CZImbGR.111","action":"GetUpdates", "result":"DeleteReceived", "context":{"id":"035d284f-3363-4ce9-93a8-fee1829db29d", "isDeleted:":"true", "version":"1701475866895"}}
{"logTime": "1202/151059", "correlationVector":"epNdV25EfWQu/W3CZImbGR.112","action":"GetUpdates", "result":"DeleteReceived", "context":{"id":"4be06733-d91f-455d-becc-a8177579453e", "isDeleted:":"true", "version":"1701477493869"}}
{"logTime": "1202/151059", "correlationVector":"epNdV25EfWQu/W3CZImbGR.113","action":"GetUpdates", "result":"DeleteReceived", "context":{"id":"bb4121f7-72ac-4f8c-86e2-1c4376cee60f", "isDeleted:":"true", "version":"1701477998629"}}
{"logTime": "1202/151059", "correlationVector":"epNdV25EfWQu/W3CZImbGR.114","action":"GetUpdates", "result":"DeleteReceived", "context":{"id":"518677b7-d5c7-41ef-8281-0d7201298a94", "isDeleted:":"true", "version":"1701487494310"}}
{"logTime": "1202/151059", "correlationVector":"epNdV25EfWQu/W3CZImbGR.115","action":"GetUpdates", "result":"DeleteReceived", "context":{"id":"34cd4c3c-2efc-48b0-94ac-ed80dc8f2048", "isDeleted:":"true", "version":"1701487494311"}}
{"logTime": "1202/151059", "correlationVector":"epNdV25EfWQu/W3CZImbGR.116","action":"GetUpdates", "result":"DeleteReceived", "context":{"id":"49f18ecd-ed8a-4c95-b63d-9e65ca72c830", "isDeleted:":"true", "version":"1701487494312"}}
{"logTime": "1202/151059", "correlationVector":"epNdV25EfWQu/W3CZImbGR.117","action":"GetUpdates", "result":"DeleteReceived", "context":{"id":"23c35e95-fc1b-44ca-8dcd-f09a8f7423b1", "isDeleted:":"true", "version":"1701487494313"}}
{"logTime": "1202/151059", "correlationVector":"epNdV25EfWQu/W3CZImbGR.118","action":"GetUpdates", "result":"DeleteReceived", "context":{"id":"35f822dd-1911-41a6-9a59-bab01bde6b30", "isDeleted:":"true", "version":"1701487494314"}}
{"logTime": "1202/151059", "correlationVector":"epNdV25EfWQu/W3CZImbGR.119","action":"GetUpdates", "result":"DeleteReceived", "context":{"id":"8acacf62-884e-44ff-812a-6d895793054a", "isDeleted:":"true", "version":"1701487494315"}}
{"logTime": "1202/151059", "correlationVector":"epNdV25EfWQu/W3CZImbGR.120","action":"GetUpdates", "result":"DeleteReceived", "context":{"id":"4ee0765a-42dc-4371-9f78-30f30fe6cd95", "isDeleted:":"true", "version":"1701487494316"}}
{"logTime": "1202/151059", "correlationVector":"epNdV25EfWQu/W3CZImbGR.121","action":"GetUpdates", "result":"DeleteReceived", "context":{"id":"f5bafb20-0054-4018-883d-2615d7844d84", "isDeleted:":"true", "version":"1701487494317"}}
{"logTime": "1202/151059", "correlationVector":"epNdV25EfWQu/W3CZImbGR.122","action":"GetUpdates", "result":"DeleteReceived", "context":{"id":"db997d53-cb6c-40d1-9c50-71d13664ea62", "isDeleted:":"true", "version":"1701487494318"}}
{"logTime": "1202/151059", "correlationVector":"epNdV25EfWQu/W3CZImbGR.123","action":"GetUpdates", "result":"DeleteReceived", "context":{"id":"e35178e1-f0cd-4cba-bc55-f8af1b96a3eb", "isDeleted:":"true", "version":"1701487494321"}}
{"logTime": "1202/151059", "correlationVector":"epNdV25EfWQu/W3CZImbGR.124","action":"GetUpdates", "result":"DeleteReceived", "context":{"id":"1ef2bd9f-433c-45dd-816f-97b18121f83a", "isDeleted:":"true", "version":"1701526284603"}}
{"logTime": "1202/151059", "correlationVector":"epNdV25EfWQu/W3CZImbGR.125","action":"GetUpdates", "result":"DeleteReceived", "context":{"id":"679a51af-81bd-4d4c-8715-33d56107f21b", "isDeleted:":"true", "version":"1701526284605"}}
{"logTime": "1202/151059", "correlationVector":"epNdV25EfWQu/W3CZImbGR.126","action":"GetUpdates", "result":"DeleteReceived", "context":{"id":"ea658125-8562-4aff-9920-9bb005a24b8f", "isDeleted:":"true", "version":"1701526284606"}}
{"logTime": "1202/151059", "correlationVector":"epNdV25EfWQu/W3CZImbGR.127","action":"GetUpdates", "result":"DeleteReceived", "context":{"id":"38cf9cf5-f654-44ee-b22f-9a0ad97d8fea", "isDeleted:":"true", "version":"1701526284607"}}
{"logTime": "1202/151059", "correlationVector":"epNdV25EfWQu/W3CZImbGR.128","action":"GetUpdates", "result":"DeleteReceived", "context":{"id":"72e174d5-d28b-4bab-a184-75853a6b52f3", "isDeleted:":"true", "version":"1701526284610"}}
{"logTime": "1202/151059", "correlationVector":"epNdV25EfWQu/W3CZImbGR.129","action":"GetUpdates", "result":"DeleteReceived", "context":{"id":"ab236549-b108-4359-bfc4-af1c07a41457", "isDeleted:":"true", "version":"1701526284611"}}
{"logTime": "1202/151059", "correlationVector":"epNdV25EfWQu/W3CZImbGR.130","action":"GetUpdates", "result":"DeleteReceived", "context":{"id":"2ac5393f-9b77-4c5b-a3cc-4051e55f7409", "isDeleted:":"true", "version":"1701526284612"}}
{"logTime": "1202/151059", "correlationVector":"epNdV25EfWQu/W3CZImbGR.131","action":"GetUpdates", "result":"DeleteReceived", "context":{"id":"9d7e80d9-a8e3-4b0d-af8d-c28afdb15235", "isDeleted:":"true", "version":"1701526284613"}}
{"logTime": "1202/151059", "correlationVector":"epNdV25EfWQu/W3CZImbGR.132","action":"GetUpdates", "result":"DeleteReceived", "context":{"id":"1d7b9fa9-f097-4887-b15f-c36f38c938b8", "isDeleted:":"true", "version":"1701526284614"}}
{"logTime": "1202/151059", "correlationVector":"epNdV25EfWQu/W3CZImbGR.133","action":"GetUpdates", "result":"DeleteReceived", "context":{"id":"f66a9d41-bfac-41da-802b-fdfd88f06a77", "isDeleted:":"true", "version":"1701526284615"}}
{"logTime": "1202/151059", "correlationVector":"epNdV25EfWQu/W3CZImbGR.134","action":"GetUpdates", "result":"DeleteReceived", "context":{"id":"bbdf0b09-f6cb-461d-b98f-b46e45afbec2", "isDeleted:":"true", "version":"1701526284616"}}
{"logTime": "1202/151059", "correlationVector":"epNdV25EfWQu/W3CZImbGR.135","action":"GetUpdates", "result":"DeleteReceived", "context":{"id":"ce3c70fb-ad45-43a0-8445-7b3f32551e48", "isDeleted:":"true", "version":"1701526284617"}}
{"logTime": "1202/151059", "correlationVector":"epNdV25EfWQu/W3CZImbGR.136","action":"GetUpdates", "result":"DeleteReceived", "context":{"id":"f33f11b2-b018-4dfe-ad31-6cbc07d9a154", "isDeleted:":"true", "version":"1701526284618"}}
{"logTime": "1202/151059", "correlationVector":"epNdV25EfWQu/W3CZImbGR.137","action":"GetUpdates", "result":"DeleteReceived", "context":{"id":"61d74cab-0145-4aff-92a9-e852f9b41933", "isDeleted:":"true", "version":"1701526284619"}}
{"logTime": "1202/151059", "correlationVector":"epNdV25EfWQu/W3CZImbGR.138","action":"GetUpdates", "result":"DeleteReceived", "context":{"id":"ac936879-59e3-4e3f-be20-4ce84bb86e55", "isDeleted:":"true", "version":"1701526284620"}}
{"logTime": "1202/151059", "correlationVector":"epNdV25EfWQu/W3CZImbGR.139","action":"GetUpdates", "result":"DeleteReceived", "context":{"id":"f5f26702-97ae-4c93-9b16-2553c865ced9", "isDeleted:":"true", "version":"1701526284621"}}
{"logTime": "1202/151059", "correlationVector":"epNdV25EfWQu/W3CZImbGR.140","action":"GetUpdates Response", "result":"SERVER_MORE_TO_DOWNLOAD", "context":Received 250 update(s).  Some updates remain.}
{"logTime": "1202/151059", "correlationVector":"5m29OMJQPbZiMBSwSr3pAZ","action":"Initial GetUpdates", "result":"", "context":Reason: NEWLY_SUPPORTED_DATATYPE. cV=5m29OMJQPbZiMBSwSr3pAZ}
{"logTime": "1202/151059", "correlationVector":"5m29OMJQPbZiMBSwSr3pAZ.1","action":"SyncServerConnectionManagerRequest", "result":"SYNC_SERVER_OK", "context":{"environment":"Prod_EastUS2_000e", "migrationStage":"NotStarted", "server":"GENERAL0100001M"}}
{"logTime": "1202/151059", "correlationVector":"5m29OMJQPbZiMBSwSr3pAZ.2","action":"GetUpdates", "result":"DeleteReceived", "context":{"id":"1e7db193-3cc1-4bb2-bc0b-f37d4a3a7af7", "isDeleted:":"true", "version":"1701527658761"}}
{"logTime": "1202/151059", "correlationVector":"5m29OMJQPbZiMBSwSr3pAZ.3","action":"GetUpdates", "result":"DeleteReceived", "context":{"id":"f37eac51-21ab-4682-8872-10145fb3e22c", "isDeleted:":"true", "version":"1701527779994"}}
{"logTime": "1202/151059", "correlationVector":"5m29OMJQPbZiMBSwSr3pAZ.4","action":"GetUpdates Response", "result":"SYNCER_OK", "context":Received 12 update(s). cV=5m29OMJQPbZiMBSwSr3pAZ.0;server=GENERAL0100001M;cloudType=Consumer;environment=Prod_EastUS2_000e;migrationStage=NotStarted}
{"logTime": "1202/151059", "correlationVector":"E5+ahL+W8SjLBGuF+IGCwa","action":"Normal GetUpdate request", "result":"", "context":cV=E5+ahL+W8SjLBGuF+IGCwa
Nudged types: Bookmarks, Preferences, Sessions, Device Info
Refresh requested types: Bookmarks, Preferences, Passwords, Autofill Profiles, Autofill, Autofill Custom Data, Typed URLs, Extensions, Sessions, Extension settings, History Delete Directives, Device Info, User Consents, Send Tab To Self, Web Apps, Collection, Edge E Drop, Edge Hub App Usage, Edge Wallet, Encryption Keys}
{"logTime": "1202/151059", "correlationVector":"E5+ahL+W8SjLBGuF+IGCwa.1","action":"SyncServerConnectionManagerRequest", "result":"SYNC_SERVER_OK", "context":{"environment":"Prod_EastUS2_000e", "migrationStage":"NotStarted", "server":"GENERAL01000017"}}
{"logTime": "1202/151059", "correlationVector":"E5+ahL+W8SjLBGuF+IGCwa.2","action":"GetUpdates Response", "result":"SYNCER_OK", "context":Received 0 update(s). cV=E5+ahL+W8SjLBGuF+IGCwa.0;server=GENERAL01000017;cloudType=Consumer;environment=Prod_EastUS2_000e;migrationStage=NotStarted}
{"logTime": "1202/151059", "correlationVector":"42+baYweoYurJWtRBON6iA","action":"Commit Request", "result":"", "context":Item count: 1
Contributing types: Device Info}
{"logTime": "1202/151100", "correlationVector":"42+baYweoYurJWtRBON6iA.1","action":"SyncServerConnectionManagerRequest", "result":"SYNC_SERVER_OK", "context":{"environment":"Prod_EastUS2_000e", "migrationStage":"NotStarted", "server":"GENERAL01000039"}}
{"logTime": "1202/151100", "correlationVector":"42+baYweoYurJWtRBON6iA.2","action":"Commit Response", "result":"SYNCER_OK", "context":Result: SYNCER_OK. cV=42+baYweoYurJWtRBON6iA.0;server=GENERAL01000039;cloudType=Consumer;environment=Prod_EastUS2_000e;migrationStage=NotStarted}
{"logTime": "1202/151100", "correlationVector":"EDSfkqWNv3cfuTX0sGpLDj","action":"Commit Request", "result":"", "context":Item count: 7
Contributing types: Bookmarks, Preferences, Typed URLs, Sessions}
{"logTime": "1202/151100", "correlationVector":"EDSfkqWNv3cfuTX0sGpLDj.1","action":"SyncServerConnectionManagerRequest", "result":"SYNC_SERVER_OK", "context":{"environment":"Prod_EastUS2_000e", "migrationStage":"NotStarted", "server":"GENERAL01000010"}}
{"logTime": "1202/151100", "correlationVector":"EDSfkqWNv3cfuTX0sGpLDj.2","action":"Commit Response", "result":"SYNCER_OK", "context":Result: SYNCER_OK. cV=EDSfkqWNv3cfuTX0sGpLDj.0;server=GENERAL01000010;cloudType=Consumer;environment=Prod_EastUS2_000e;migrationStage=NotStarted}
{"logTime": "1202/151131", "correlationVector":"OK3r5tEcu93G/KCCYwAEOs","action":"Commit Request", "result":"", "context":Item count: 1
Contributing types: Sessions}
{"logTime": "1202/151131", "correlationVector":"OK3r5tEcu93G/KCCYwAEOs.1","action":"SyncServerConnectionManagerRequest", "result":"SYNC_SERVER_OK", "context":{"environment":"Prod_EastUS2_000e", "migrationStage":"NotStarted", "server":"GENERAL01000015"}}
{"logTime": "1202/151131", "correlationVector":"OK3r5tEcu93G/KCCYwAEOs.2","action":"Commit Response", "result":"SYNCER_OK", "context":Result: SYNCER_OK. cV=OK3r5tEcu93G/KCCYwAEOs.0;server=GENERAL01000015;cloudType=Consumer;environment=Prod_EastUS2_000e;migrationStage=NotStarted}
{"logTime": "1202/151221", "correlationVector":"4sB2Sd1g/vpvZqgUbTkOB+","action":"Commit Request", "result":"", "context":Item count: 1
Contributing types: Sessions}
{"logTime": "1202/151221", "correlationVector":"4sB2Sd1g/vpvZqgUbTkOB+.1","action":"SyncServerConnectionManagerRequest", "result":"SYNC_SERVER_OK", "context":{"environment":"Prod_EastUS2_000e", "migrationStage":"NotStarted", "server":"GENERAL0100001D"}}
{"logTime": "1202/151221", "correlationVector":"4sB2Sd1g/vpvZqgUbTkOB+.2","action":"Commit Response", "result":"SYNCER_OK", "context":Result: SYNCER_OK. cV=4sB2Sd1g/vpvZqgUbTkOB+.0;server=GENERAL0100001D;cloudType=Consumer;environment=Prod_EastUS2_000e;migrationStage=NotStarted}
{"logTime": "1202/151406", "correlationVector":"JeTIPzW1sBsh+7sMdlAfe8","action":"Commit Request", "result":"", "context":Item count: 1
Contributing types: Sessions}
{"logTime": "1202/151406", "correlationVector":"JeTIPzW1sBsh+7sMdlAfe8.1","action":"SyncServerConnectionManagerRequest", "result":"SYNC_SERVER_OK", "context":{"environment":"Prod_EastUS2_000e", "migrationStage":"NotStarted", "server":"GENERAL0100002V"}}
{"logTime": "1202/151406", "correlationVector":"JeTIPzW1sBsh+7sMdlAfe8.2","action":"Commit Response", "result":"SYNCER_OK", "context":Result: SYNCER_OK. cV=JeTIPzW1sBsh+7sMdlAfe8.0;server=GENERAL0100002V;cloudType=Consumer;environment=Prod_EastUS2_000e;migrationStage=NotStarted}
{"logTime": "1202/151440", "correlationVector":"5uN77U1l50XfKRD4CoGsw8","action":"Commit Request", "result":"", "context":Item count: 1
Contributing types: Sessions}
{"logTime": "1202/151440", "correlationVector":"5uN77U1l50XfKRD4CoGsw8.1","action":"SyncServerConnectionManagerRequest", "result":"SYNC_SERVER_OK", "context":{"environment":"Prod_EastUS2_000e", "migrationStage":"NotStarted", "server":"GENERAL0100002U"}}
{"logTime": "1202/151440", "correlationVector":"5uN77U1l50XfKRD4CoGsw8.2","action":"Commit Response", "result":"SYNCER_OK", "context":Result: SYNCER_OK. cV=5uN77U1l50XfKRD4CoGsw8.0;server=GENERAL0100002U;cloudType=Consumer;environment=Prod_EastUS2_000e;migrationStage=NotStarted}
{"logTime": "1202/151523", "correlationVector":"nzpQYqe5rOg9qnwJEtg8E6","action":"Normal GetUpdate request", "result":"", "context":cV=nzpQYqe5rOg9qnwJEtg8E6
Nudged types: Sessions
Refresh requested types: Bookmarks, Preferences, Passwords, Autofill Profiles, Autofill, Autofill Custom Data, Typed URLs, Extensions, Sessions, Extension settings, History Delete Directives, Device Info, User Consents, Send Tab To Self, Web Apps, Collection, Edge E Drop, Edge Hub App Usage, Edge Wallet, Encryption Keys}
{"logTime": "1202/151524", "correlationVector":"nzpQYqe5rOg9qnwJEtg8E6.1","action":"SyncServerConnectionManagerRequest", "result":"SYNC_SERVER_OK", "context":{"environment":"Prod_EastUS2_000e", "migrationStage":"NotStarted", "server":"GENERAL01000023"}}
{"logTime": "1202/151524", "correlationVector":"nzpQYqe5rOg9qnwJEtg8E6.2","action":"GetUpdates Response", "result":"SYNCER_OK", "context":Received 11 update(s). cV=nzpQYqe5rOg9qnwJEtg8E6.0;server=GENERAL01000023;cloudType=Consumer;environment=Prod_EastUS2_000e;migrationStage=NotStarted}
{"logTime": "1202/151524", "correlationVector":"KUi3xX4NmaANbuEo+c3kJW","action":"Commit Request", "result":"", "context":Item count: 1
Contributing types: Sessions}
{"logTime": "1202/151524", "correlationVector":"KUi3xX4NmaANbuEo+c3kJW.1","action":"SyncServerConnectionManagerRequest", "result":"SYNC_SERVER_OK", "context":{"environment":"Prod_EastUS2_000e", "migrationStage":"NotStarted", "server":"GENERAL01000026"}}
{"logTime": "1202/151524", "correlationVector":"KUi3xX4NmaANbuEo+c3kJW.2","action":"Commit Response", "result":"SYNCER_OK", "context":Result: SYNCER_OK. cV=KUi3xX4NmaANbuEo+c3kJW.0;server=GENERAL01000026;cloudType=Consumer;environment=Prod_EastUS2_000e;migrationStage=NotStarted}
{"logTime": "1202/151554", "correlationVector":"b6qkCdv9eUIGaE4SyQC17o","action":"Commit Request", "result":"", "context":Item count: 1
Contributing types: Sessions}
{"logTime": "1202/151554", "correlationVector":"b6qkCdv9eUIGaE4SyQC17o.1","action":"SyncServerConnectionManagerRequest", "result":"SYNC_SERVER_OK", "context":{"environment":"Prod_EastUS2_000e", "migrationStage":"NotStarted", "server":"GENERAL01000000"}}
{"logTime": "1202/151554", "correlationVector":"b6qkCdv9eUIGaE4SyQC17o.2","action":"Commit Response", "result":"SYNCER_OK", "context":Result: SYNCER_OK. cV=b6qkCdv9eUIGaE4SyQC17o.0;server=GENERAL01000000;cloudType=Consumer;environment=Prod_EastUS2_000e;migrationStage=NotStarted}
{"logTime": "1202/151624", "correlationVector":"2sNvXcvzvtt3OA2J5/Fg7E","action":"Commit Request", "result":"", "context":Item count: 1
Contributing types: Sessions}
{"logTime": "1202/151624", "correlationVector":"2sNvXcvzvtt3OA2J5/Fg7E.1","action":"SyncServerConnectionManagerRequest", "result":"SYNC_SERVER_OK", "context":{"environment":"Prod_EastUS2_000e", "migrationStage":"NotStarted", "server":"general01000019"}}
{"logTime": "1202/151624", "correlationVector":"2sNvXcvzvtt3OA2J5/Fg7E.2","action":"Commit Response", "result":"SYNCER_OK", "context":Result: SYNCER_OK. cV=2sNvXcvzvtt3OA2J5/Fg7E.0;server=general01000019;cloudType=Consumer;environment=Prod_EastUS2_000e;migrationStage=NotStarted}
{"logTime": "1202/151659", "correlationVector":"+Qf2owtmPFhWb4+1RI9fC/","action":"Commit Request", "result":"", "context":Item count: 1
Contributing types: Sessions}
{"logTime": "1202/151659", "correlationVector":"+Qf2owtmPFhWb4+1RI9fC/.1","action":"SyncServerConnectionManagerRequest", "result":"SYNC_SERVER_OK", "context":{"environment":"Prod_EastUS2_000e", "migrationStage":"NotStarted", "server":"GENERAL0100002S"}}
{"logTime": "1202/151659", "correlationVector":"+Qf2owtmPFhWb4+1RI9fC/.2","action":"Commit Response", "result":"SYNCER_OK", "context":Result: SYNCER_OK. cV=+Qf2owtmPFhWb4+1RI9fC/.0;server=GENERAL0100002S;cloudType=Consumer;environment=Prod_EastUS2_000e;migrationStage=NotStarted}
{"logTime": "1202/151830", "correlationVector":"GmPA7v5AqyEXJfZSUiY0VC","action":"Commit Request", "result":"", "context":Item count: 1
Contributing types: Sessions}
{"logTime": "1202/151830", "correlationVector":"GmPA7v5AqyEXJfZSUiY0VC.1","action":"SyncServerConnectionManagerRequest", "result":"SYNC_SERVER_OK", "context":{"environment":"Prod_EastUS2_000e", "migrationStage":"NotStarted", "server":"GENERAL01000033"}}
{"logTime": "1202/151830", "correlationVector":"GmPA7v5AqyEXJfZSUiY0VC.2","action":"Commit Response", "result":"SYNCER_OK", "context":Result: SYNCER_OK. cV=GmPA7v5AqyEXJfZSUiY0VC.0;server=GENERAL01000033;cloudType=Consumer;environment=Prod_EastUS2_000e;migrationStage=NotStarted}
{"logTime": "1202/151934", "correlationVector":"9dfq9oSJkf/joQqmY9ACot","action":"Commit Request", "result":"", "context":Item count: 1
Contributing types: Sessions}
{"logTime": "1202/151934", "correlationVector":"9dfq9oSJkf/joQqmY9ACot.1","action":"SyncServerConnectionManagerRequest", "result":"SYNC_SERVER_OK", "context":{"environment":"Prod_EastUS2_000e", "migrationStage":"NotStarted", "server":"general0100002X"}}
{"logTime": "1202/151934", "correlationVector":"9dfq9oSJkf/joQqmY9ACot.2","action":"Commit Response", "result":"SYNCER_OK", "context":Result: SYNCER_OK. cV=9dfq9oSJkf/joQqmY9ACot.0;server=general0100002X;cloudType=Consumer;environment=Prod_EastUS2_000e;migrationStage=NotStarted}
{"logTime": "1202/152015", "correlationVector":"KBjhgUOPcIpeQjILmuqcC5","action":"Commit Request", "result":"", "context":Item count: 1
Contributing types: Sessions}
{"logTime": "1202/152015", "correlationVector":"KBjhgUOPcIpeQjILmuqcC5.1","action":"SyncServerConnectionManagerRequest", "result":"SYNC_SERVER_OK", "context":{"environment":"Prod_EastUS2_000e", "migrationStage":"NotStarted", "server":"GENERAL01000010"}}
{"logTime": "1202/152015", "correlationVector":"KBjhgUOPcIpeQjILmuqcC5.2","action":"Commit Response", "result":"SYNCER_OK", "context":Result: SYNCER_OK. cV=KBjhgUOPcIpeQjILmuqcC5.0;server=GENERAL01000010;cloudType=Consumer;environment=Prod_EastUS2_000e;migrationStage=NotStarted}
{"logTime": "1202/152045", "correlationVector":"1/E8R0z09fstQATRG1O63t","action":"Commit Request", "result":"", "context":Item count: 1
Contributing types: Sessions}
{"logTime": "1202/152046", "correlationVector":"1/E8R0z09fstQATRG1O63t.1","action":"SyncServerConnectionManagerRequest", "result":"SYNC_SERVER_OK", "context":{"environment":"Prod_EastUS2_000e", "migrationStage":"NotStarted", "server":"GENERAL01000012"}}
{"logTime": "1202/152046", "correlationVector":"1/E8R0z09fstQATRG1O63t.2","action":"Commit Response", "result":"SYNCER_OK", "context":Result: SYNCER_OK. cV=1/E8R0z09fstQATRG1O63t.0;server=GENERAL01000012;cloudType=Consumer;environment=Prod_EastUS2_000e;migrationStage=NotStarted}
{"logTime": "1202/152130", "correlationVector":"NJSneE9PdBBtyHVMlWntMF","action":"Commit Request", "result":"", "context":Item count: 1
Contributing types: Sessions}
{"logTime": "1202/152130", "correlationVector":"NJSneE9PdBBtyHVMlWntMF.1","action":"SyncServerConnectionManagerRequest", "result":"SYNC_SERVER_OK", "context":{"environment":"Prod_EastUS2_000e", "migrationStage":"NotStarted", "server":"GENERAL0100002T"}}
{"logTime": "1202/152130", "correlationVector":"NJSneE9PdBBtyHVMlWntMF.2","action":"Commit Response", "result":"SYNCER_OK", "context":Result: SYNCER_OK. cV=NJSneE9PdBBtyHVMlWntMF.0;server=GENERAL0100002T;cloudType=Consumer;environment=Prod_EastUS2_000e;migrationStage=NotStarted}
{"logTime": "1202/152218", "correlationVector":"k5ufWRULTlimi3NWgsWmb+","action":"Commit Request", "result":"", "context":Item count: 1
Contributing types: Sessions}
{"logTime": "1202/152218", "correlationVector":"k5ufWRULTlimi3NWgsWmb+.1","action":"SyncServerConnectionManagerRequest", "result":"SYNC_SERVER_OK", "context":{"environment":"Prod_EastUS2_000e", "migrationStage":"NotStarted", "server":"GENERAL01000015"}}
{"logTime": "1202/152218", "correlationVector":"k5ufWRULTlimi3NWgsWmb+.2","action":"Commit Response", "result":"SYNCER_OK", "context":Result: SYNCER_OK. cV=k5ufWRULTlimi3NWgsWmb+.0;server=GENERAL01000015;cloudType=Consumer;environment=Prod_EastUS2_000e;migrationStage=NotStarted}
{"logTime": "1202/152323", "correlationVector":"tI+A2pCn0HJQwQAz0usyH+","action":"Commit Request", "result":"", "context":Item count: 1
Contributing types: Sessions}
{"logTime": "1202/152323", "correlationVector":"tI+A2pCn0HJQwQAz0usyH+.1","action":"SyncServerConnectionManagerRequest", "result":"SYNC_SERVER_OK", "context":{"environment":"Prod_EastUS2_000e", "migrationStage":"NotStarted", "server":"GENERAL01000036"}}
{"logTime": "1202/152323", "correlationVector":"tI+A2pCn0HJQwQAz0usyH+.2","action":"Commit Response", "result":"SYNCER_OK", "context":Result: SYNCER_OK. cV=tI+A2pCn0HJQwQAz0usyH+.0;server=GENERAL01000036;cloudType=Consumer;environment=Prod_EastUS2_000e;migrationStage=NotStarted}
{"logTime": "1202/152507", "correlationVector":"waGje0PovoizQAfZ9imtsk","action":"Commit Request", "result":"", "context":Item count: 1
Contributing types: Sessions}
{"logTime": "1202/152507", "correlationVector":"waGje0PovoizQAfZ9imtsk.1","action":"SyncServerConnectionManagerRequest", "result":"SYNC_SERVER_OK", "context":{"environment":"Prod_EastUS2_000e", "migrationStage":"NotStarted", "server":"GENERAL01000030"}}
{"logTime": "1202/152507", "correlationVector":"waGje0PovoizQAfZ9imtsk.2","action":"Commit Response", "result":"SYNCER_OK", "context":Result: SYNCER_OK. cV=waGje0PovoizQAfZ9imtsk.0;server=GENERAL01000030;cloudType=Consumer;environment=Prod_EastUS2_000e;migrationStage=NotStarted}
{"logTime": "1202/152706", "correlationVector":"1cGDV5gLN60hzHwKW2Cll+","action":"Commit Request", "result":"", "context":Item count: 1
Contributing types: Sessions}
{"logTime": "1202/152706", "correlationVector":"1cGDV5gLN60hzHwKW2Cll+.1","action":"SyncServerConnectionManagerRequest", "result":"SYNC_SERVER_OK", "context":{"environment":"Prod_EastUS2_000e", "migrationStage":"NotStarted", "server":"GENERAL01000039"}}
{"logTime": "1202/152706", "correlationVector":"1cGDV5gLN60hzHwKW2Cll+.2","action":"Commit Response", "result":"SYNCER_OK", "context":Result: SYNCER_OK. cV=1cGDV5gLN60hzHwKW2Cll+.0;server=GENERAL01000039;cloudType=Consumer;environment=Prod_EastUS2_000e;migrationStage=NotStarted}
{"logTime": "1202/152740", "correlationVector":"y+ZNF1uYy9Kup56uRixQGZ","action":"Commit Request", "result":"", "context":Item count: 1
Contributing types: Sessions}
{"logTime": "1202/152740", "correlationVector":"y+ZNF1uYy9Kup56uRixQGZ.1","action":"SyncServerConnectionManagerRequest", "result":"SYNC_SERVER_OK", "context":{"environment":"Prod_EastUS2_000e", "migrationStage":"NotStarted", "server":"GENERAL0100000O"}}
{"logTime": "1202/152740", "correlationVector":"y+ZNF1uYy9Kup56uRixQGZ.2","action":"Commit Response", "result":"SYNCER_OK", "context":Result: SYNCER_OK. cV=y+ZNF1uYy9Kup56uRixQGZ.0;server=GENERAL0100000O;cloudType=Consumer;environment=Prod_EastUS2_000e;migrationStage=NotStarted}
{"logTime": "1202/152844", "correlationVector":"NHQBOfPjkmYNhkORznZ4gN","action":"Commit Request", "result":"", "context":Item count: 1
Contributing types: Sessions}
{"logTime": "1202/152844", "correlationVector":"NHQBOfPjkmYNhkORznZ4gN.1","action":"SyncServerConnectionManagerRequest", "result":"SYNC_SERVER_OK", "context":{"environment":"Prod_EastUS2_000e", "migrationStage":"NotStarted", "server":"GENERAL0100002Y"}}
{"logTime": "1202/152844", "correlationVector":"NHQBOfPjkmYNhkORznZ4gN.2","action":"Commit Response", "result":"SYNCER_OK", "context":Result: SYNCER_OK. cV=NHQBOfPjkmYNhkORznZ4gN.0;server=GENERAL0100002Y;cloudType=Consumer;environment=Prod_EastUS2_000e;migrationStage=NotStarted}
{"logTime": "1202/153030", "correlationVector":"50++ygKyRL8z7/Klnv7Rek","action":"Commit Request", "result":"", "context":Item count: 1
Contributing types: Sessions}
{"logTime": "1202/153030", "correlationVector":"50++ygKyRL8z7/Klnv7Rek.1","action":"SyncServerConnectionManagerRequest", "result":"SYNC_SERVER_OK", "context":{"environment":"Prod_EastUS2_000e", "migrationStage":"NotStarted", "server":"GENERAL01000015"}}
{"logTime": "1202/153030", "correlationVector":"50++ygKyRL8z7/Klnv7Rek.2","action":"Commit Response", "result":"SYNCER_OK", "context":Result: SYNCER_OK. cV=50++ygKyRL8z7/Klnv7Rek.0;server=GENERAL01000015;cloudType=Consumer;environment=Prod_EastUS2_000e;migrationStage=NotStarted}
{"logTime": "1202/153124", "correlationVector":"U5lpBHa93L3xv2xCTMlfPF","action":"Commit Request", "result":"", "context":Item count: 1
Contributing types: Sessions}
{"logTime": "1202/153125", "correlationVector":"U5lpBHa93L3xv2xCTMlfPF.1","action":"SyncServerConnectionManagerRequest", "result":"SYNC_SERVER_OK", "context":{"environment":"Prod_EastUS2_000e", "migrationStage":"NotStarted", "server":"GENERAL0100002C"}}
{"logTime": "1202/153125", "correlationVector":"U5lpBHa93L3xv2xCTMlfPF.2","action":"Commit Response", "result":"SYNCER_OK", "context":Result: SYNCER_OK. cV=U5lpBHa93L3xv2xCTMlfPF.0;server=GENERAL0100002C;cloudType=Consumer;environment=Prod_EastUS2_000e;migrationStage=NotStarted}
{"logTime": "1202/153322", "correlationVector":"U2ynTQk6AYrfzoOQT+3oj2","action":"Commit Request", "result":"", "context":Item count: 1
Contributing types: Sessions}
{"logTime": "1202/153322", "correlationVector":"U2ynTQk6AYrfzoOQT+3oj2.1","action":"SyncServerConnectionManagerRequest", "result":"SYNC_SERVER_OK", "context":{"environment":"Prod_EastUS2_000e", "migrationStage":"NotStarted", "server":"GENERAL0100002Y"}}
{"logTime": "1202/153322", "correlationVector":"U2ynTQk6AYrfzoOQT+3oj2.2","action":"Commit Response", "result":"SYNCER_OK", "context":Result: SYNCER_OK. cV=U2ynTQk6AYrfzoOQT+3oj2.0;server=GENERAL0100002Y;cloudType=Consumer;environment=Prod_EastUS2_000e;migrationStage=NotStarted}
{"logTime": "1202/153429", "correlationVector":"vOfmIkxDFDxYLAXxnOWBNm","action":"Commit Request", "result":"", "context":Item count: 1
Contributing types: Sessions}
{"logTime": "1202/153429", "correlationVector":"vOfmIkxDFDxYLAXxnOWBNm.1","action":"SyncServerConnectionManagerRequest", "result":"SYNC_SERVER_OK", "context":{"environment":"Prod_EastUS2_000e", "migrationStage":"NotStarted", "server":"GENERAL0100002Y"}}
{"logTime": "1202/153429", "correlationVector":"vOfmIkxDFDxYLAXxnOWBNm.2","action":"Commit Response", "result":"SYNCER_OK", "context":Result: SYNCER_OK. cV=vOfmIkxDFDxYLAXxnOWBNm.0;server=GENERAL0100002Y;cloudType=Consumer;environment=Prod_EastUS2_000e;migrationStage=NotStarted}
{"logTime": "1202/153430", "correlationVector":"Fv87UjtImtgrlBFKHcrKwE","action":"Normal GetUpdate request", "result":"", "context":cV=Fv87UjtImtgrlBFKHcrKwE
Notified types: Typed URLs}
{"logTime": "1202/153430", "correlationVector":"Fv87UjtImtgrlBFKHcrKwE.1","action":"SyncServerConnectionManagerRequest", "result":"SYNC_SERVER_OK", "context":{"environment":"Prod_EastUS2_000e", "migrationStage":"NotStarted", "server":"GENERAL0100002C"}}
{"logTime": "1202/153430", "correlationVector":"Fv87UjtImtgrlBFKHcrKwE.2","action":"GetUpdates Response", "result":"SYNCER_OK", "context":Received 10 update(s). cV=Fv87UjtImtgrlBFKHcrKwE.0;server=GENERAL0100002C;cloudType=Consumer;environment=Prod_EastUS2_000e;migrationStage=NotStarted}
{"logTime": "1202/153550", "correlationVector":"FPL9vdLz0LPxNrGpcJCOmw","action":"Commit Request", "result":"", "context":Item count: 1
Contributing types: Sessions}
{"logTime": "1202/153550", "correlationVector":"FPL9vdLz0LPxNrGpcJCOmw.1","action":"SyncServerConnectionManagerRequest", "result":"SYNC_SERVER_OK", "context":{"environment":"Prod_EastUS2_000e", "migrationStage":"NotStarted", "server":"GENERAL0100002U"}}
{"logTime": "1202/153550", "correlationVector":"FPL9vdLz0LPxNrGpcJCOmw.2","action":"Commit Response", "result":"SYNCER_OK", "context":Result: SYNCER_OK. cV=FPL9vdLz0LPxNrGpcJCOmw.0;server=GENERAL0100002U;cloudType=Consumer;environment=Prod_EastUS2_000e;migrationStage=NotStarted}
{"logTime": "1202/154155", "correlationVector":"qHWgd3OAF84BS2nwWTKH7y","action":"Commit Request", "result":"", "context":Item count: 1
Contributing types: Sessions}
{"logTime": "1202/154155", "correlationVector":"qHWgd3OAF84BS2nwWTKH7y.1","action":"SyncServerConnectionManagerRequest", "result":"SYNC_SERVER_OK", "context":{"environment":"Prod_EastUS2_000e", "migrationStage":"NotStarted", "server":"GENERAL01000039"}}
{"logTime": "1202/154155", "correlationVector":"qHWgd3OAF84BS2nwWTKH7y.2","action":"Commit Response", "result":"SYNCER_OK", "context":Result: SYNCER_OK. cV=qHWgd3OAF84BS2nwWTKH7y.0;server=GENERAL01000039;cloudType=Consumer;environment=Prod_EastUS2_000e;migrationStage=NotStarted}
{"logTime": "1202/154251", "correlationVector":"gcRV0rBEyp5y7nsGbnsIqA","action":"Commit Request", "result":"", "context":Item count: 1
Contributing types: Sessions}
{"logTime": "1202/154251", "correlationVector":"gcRV0rBEyp5y7nsGbnsIqA.1","action":"SyncServerConnectionManagerRequest", "result":"SYNC_SERVER_OK", "context":{"environment":"Prod_EastUS2_000e", "migrationStage":"NotStarted", "server":"GENERAL01000015"}}
{"logTime": "1202/154251", "correlationVector":"gcRV0rBEyp5y7nsGbnsIqA.2","action":"Commit Response", "result":"SYNCER_OK", "context":Result: SYNCER_OK. cV=gcRV0rBEyp5y7nsGbnsIqA.0;server=GENERAL01000015;cloudType=Consumer;environment=Prod_EastUS2_000e;migrationStage=NotStarted}
{"logTime": "1202/154322", "correlationVector":"aKbUaQGgzF4wZkW/pOh5/8","action":"Commit Request", "result":"", "context":Item count: 1
Contributing types: Sessions}
{"logTime": "1202/154322", "correlationVector":"aKbUaQGgzF4wZkW/pOh5/8.1","action":"SyncServerConnectionManagerRequest", "result":"SYNC_SERVER_OK", "context":{"environment":"Prod_EastUS2_000e", "migrationStage":"NotStarted", "server":"general01000002"}}
{"logTime": "1202/154322", "correlationVector":"aKbUaQGgzF4wZkW/pOh5/8.2","action":"Commit Response", "result":"SYNCER_OK", "context":Result: SYNCER_OK. cV=aKbUaQGgzF4wZkW/pOh5/8.0;server=general01000002;cloudType=Consumer;environment=Prod_EastUS2_000e;migrationStage=NotStarted}
{"logTime": "1202/154449", "correlationVector":"z3U1CK5rrLy+Ai0uNfoGYB","action":"Commit Request", "result":"", "context":Item count: 1
Contributing types: Sessions}
{"logTime": "1202/154449", "correlationVector":"z3U1CK5rrLy+Ai0uNfoGYB.1","action":"SyncServerConnectionManagerRequest", "result":"SYNC_SERVER_OK", "context":{"environment":"Prod_EastUS2_000e", "migrationStage":"NotStarted", "server":"GENERAL0100001G"}}
{"logTime": "1202/154449", "correlationVector":"z3U1CK5rrLy+Ai0uNfoGYB.2","action":"Commit Response", "result":"SYNCER_OK", "context":Result: SYNCER_OK. cV=z3U1CK5rrLy+Ai0uNfoGYB.0;server=GENERAL0100001G;cloudType=Consumer;environment=Prod_EastUS2_000e;migrationStage=NotStarted}
